Base path: /Applications/Unity/Unity.app/Contents
Pipe name: \\.\pipe\UnityShaderCompiler-1--1590533720
Cmd: getPlatforms
Cmd: preprocess
  insize=8349 outsize=2576 ok=1
Cmd: compileSnippet
  api=0 type=0 insize=69127 outsize=3216 kw=DIRECTIONAL SHADOWS_OFF LIGHTMAP_OFF DIRLIGHTMAP_OFF LUX_LINEAR LUX_LLFIX_MESHTREES_ON GLDIFFCUBE_ON ok=1
Cmd: compileSnippet
  api=0 type=1 insize=69127 outsize=1822 kw=DIRECTIONAL SHADOWS_OFF LIGHTMAP_OFF DIRLIGHTMAP_OFF LUX_LINEAR LUX_LLFIX_MESHTREES_ON GLDIFFCUBE_ON ok=1
Cmd: compileSnippet
  api=0 type=0 insize=48864 outsize=3104 kw=POINT LUX_LINEAR LUX_LLFIX_MESHTREES_ON GLDIFFCUBE_ON ok=1
Cmd: compileSnippet
  api=0 type=1 insize=48864 outsize=1394 kw=POINT LUX_LINEAR LUX_LLFIX_MESHTREES_ON GLDIFFCUBE_ON ok=1
Cmd: compileSnippet
  api=0 type=0 insize=1151 outsize=1739 kw=SHADOWS_DEPTH ok=1
Cmd: compileSnippet
  api=0 type=1 insize=1151 outsize=200 kw=SHADOWS_DEPTH ok=1
Cmd: compileSnippet
  api=0 type=0 insize=1687 outsize=2536 kw=SHADOWS_NONATIVE ok=1
Cmd: compileSnippet
  api=0 type=1 insize=1687 outsize=1087 kw=SHADOWS_NONATIVE ok=1
Cmd: compileSnippet
  api=0 type=0 insize=742 outsize=2884 kw= ok=1
Cmd: preprocess
  insize=7660 outsize=2451 ok=1
Cmd: compileSnippet
  api=0 type=0 insize=376767 outsize=11230 kw=DIRECTIONAL SHADOWS_OFF LIGHTMAP_OFF DIRLIGHTMAP_OFF LUX_LINEAR LUX_LIGHTING_BP DIFFCUBE_ON SPECCUBE_ON LUX_AO_OFF ok=1
Cmd: compileSnippet
  api=0 type=1 insize=376767 outsize=6 kw=DIRECTIONAL SHADOWS_OFF LIGHTMAP_OFF DIRLIGHTMAP_OFF LUX_LINEAR LUX_LIGHTING_BP DIFFCUBE_ON SPECCUBE_ON LUX_AO_OFF ok=1
Cmd: compileSnippet
  api=0 type=0 insize=296221 outsize=10516 kw=POINT SHADOWS_OFF LUX_LINEAR LUX_LIGHTING_BP DIFFCUBE_ON SPECCUBE_ON LUX_AO_OFF ok=1
Cmd: compileSnippet
  api=0 type=1 insize=296221 outsize=6 kw=POINT SHADOWS_OFF LUX_LINEAR LUX_LIGHTING_BP DIFFCUBE_ON SPECCUBE_ON LUX_AO_OFF ok=1
Cmd: compileSnippet
  api=0 type=0 insize=287317 outsize=8944 kw=LUX_LINEAR LUX_LIGHTING_BP DIFFCUBE_ON SPECCUBE_ON LUX_AO_OFF ok=1
Cmd: compileSnippet
  api=0 type=1 insize=287317 outsize=6 kw=LUX_LINEAR LUX_LIGHTING_BP DIFFCUBE_ON SPECCUBE_ON LUX_AO_OFF ok=1
Cmd: compileSnippet
  api=0 type=0 insize=353799 outsize=10832 kw=LIGHTMAP_OFF DIRLIGHTMAP_OFF LUX_LINEAR LUX_LIGHTING_BP DIFFCUBE_ON SPECCUBE_ON LUX_AO_OFF HDR_LIGHT_PREPASS_OFF ok=1
Cmd: compileSnippet
  api=0 type=1 insize=353799 outsize=6 kw=LIGHTMAP_OFF DIRLIGHTMAP_OFF LUX_LINEAR LUX_LIGHTING_BP DIFFCUBE_ON SPECCUBE_ON LUX_AO_OFF HDR_LIGHT_PREPASS_OFF ok=1
Cmd: preprocess
  insize=5901 outsize=888 ok=1
Cmd: compileSnippet
  api=0 type=0 insize=4206 outsize=2276 kw=LUX_LINEAR GLDIFFCUBE_ON LUX_LLFIX_BILLBOARDS_ON ok=1
Cmd: compileSnippet
  api=0 type=1 insize=4206 outsize=1537 kw=LUX_LINEAR GLDIFFCUBE_ON LUX_LLFIX_BILLBOARDS_ON ok=1
Cmd: compileSnippet
  api=0 type=0 insize=1401 outsize=722 kw= ok=1
Cmd: preprocess
  insize=8607 outsize=1377 ok=1
Cmd: compileSnippet
  api=0 type=0 insize=207381 outsize=6856 kw=DIRECTIONAL SHADOWS_OFF LIGHTMAP_OFF DIRLIGHTMAP_OFF LUX_LINEAR LUX_LIGHTING_BP DIFFCUBE_ON SPECCUBE_ON ok=1
Cmd: compileSnippet
  api=0 type=1 insize=207381 outsize=6 kw=DIRECTIONAL SHADOWS_OFF LIGHTMAP_OFF DIRLIGHTMAP_OFF LUX_LINEAR LUX_LIGHTING_BP DIFFCUBE_ON SPECCUBE_ON ok=1
Cmd: compileSnippet
  api=0 type=0 insize=159642 outsize=4739 kw=POINT SHADOWS_OFF LUX_LINEAR LUX_LIGHTING_BP DIFFCUBE_ON SPECCUBE_ON ok=1
Cmd: compileSnippet
  api=0 type=1 insize=159642 outsize=6 kw=POINT SHADOWS_OFF LUX_LINEAR LUX_LIGHTING_BP DIFFCUBE_ON SPECCUBE_ON ok=1
Cmd: preprocess
  insize=2250 outsize=1913 ok=1
Cmd: compileSnippet
  api=0 type=0 insize=24726 outsize=2937 kw=DIRECTIONAL SHADOWS_OFF LIGHTMAP_OFF DIRLIGHTMAP_OFF LUX_LINEAR GLDIFFCUBE_ON ok=1
Cmd: compileSnippet
  api=0 type=1 insize=24726 outsize=1671 kw=DIRECTIONAL SHADOWS_OFF LIGHTMAP_OFF DIRLIGHTMAP_OFF LUX_LINEAR GLDIFFCUBE_ON ok=1
Cmd: compileSnippet
  api=0 type=0 insize=14546 outsize=2762 kw=POINT LUX_LINEAR GLDIFFCUBE_ON ok=1
Cmd: compileSnippet
  api=0 type=1 insize=14546 outsize=1435 kw=POINT LUX_LINEAR GLDIFFCUBE_ON ok=1
Cmd: compileSnippet
  api=0 type=0 insize=11937 outsize=1743 kw=SHADOWS_DEPTH LUX_LINEAR GLDIFFCUBE_ON ok=1
Cmd: compileSnippet
  api=0 type=1 insize=11937 outsize=206 kw=SHADOWS_DEPTH LUX_LINEAR GLDIFFCUBE_ON ok=1
Cmd: compileSnippet
  api=0 type=0 insize=12108 outsize=2272 kw=LUX_LINEAR GLDIFFCUBE_ON SHADOWS_NONATIVE ok=1
Cmd: compileSnippet
  api=0 type=1 insize=12108 outsize=872 kw=LUX_LINEAR GLDIFFCUBE_ON SHADOWS_NONATIVE ok=1
Cmd: preprocess
  insize=2673 outsize=2474 ok=1
Cmd: compileSnippet
  api=0 type=0 insize=23817 outsize=1947 kw=DIRECTIONAL SHADOWS_OFF LIGHTMAP_OFF DIRLIGHTMAP_OFF LUX_LINEAR GLDIFFCUBE_ON ok=1
Cmd: compileSnippet
  api=0 type=1 insize=23817 outsize=722 kw=DIRECTIONAL SHADOWS_OFF LIGHTMAP_OFF DIRLIGHTMAP_OFF LUX_LINEAR GLDIFFCUBE_ON ok=1
Cmd: compileSnippet
  api=0 type=0 insize=15609 outsize=2141 kw=POINT LUX_LINEAR GLDIFFCUBE_ON ok=1
Cmd: compileSnippet
  api=0 type=1 insize=15609 outsize=608 kw=POINT LUX_LINEAR GLDIFFCUBE_ON ok=1
Cmd: compileSnippet
  api=0 type=0 insize=14218 outsize=1910 kw=LUX_LINEAR GLDIFFCUBE_ON ok=1
Cmd: compileSnippet
  api=0 type=1 insize=14218 outsize=313 kw=LUX_LINEAR GLDIFFCUBE_ON ok=1
Cmd: compileSnippet
  api=0 type=0 insize=21864 outsize=1849 kw=LIGHTMAP_OFF DIRLIGHTMAP_OFF LUX_LINEAR GLDIFFCUBE_ON HDR_LIGHT_PREPASS_OFF ok=1
Cmd: compileSnippet
  api=0 type=1 insize=21864 outsize=643 kw=LIGHTMAP_OFF DIRLIGHTMAP_OFF LUX_LINEAR GLDIFFCUBE_ON HDR_LIGHT_PREPASS_OFF ok=1
Cmd: compileSnippet
  api=0 type=0 insize=13368 outsize=1864 kw=SHADOWS_DEPTH LUX_LINEAR GLDIFFCUBE_ON ok=1
Cmd: compileSnippet
  api=0 type=1 insize=13368 outsize=246 kw=SHADOWS_DEPTH LUX_LINEAR GLDIFFCUBE_ON ok=1
Cmd: compileSnippet
  api=0 type=0 insize=13539 outsize=2406 kw=LUX_LINEAR GLDIFFCUBE_ON SHADOWS_NONATIVE ok=1
Cmd: compileSnippet
  api=0 type=1 insize=13539 outsize=910 kw=LUX_LINEAR GLDIFFCUBE_ON SHADOWS_NONATIVE ok=1
Cmd: compileSnippet
  api=0 type=0 insize=746 outsize=2956 kw= ok=1
Cmd: preprocess
  insize=1845 outsize=1894 ok=1
Cmd: compileSnippet
  api=0 type=0 insize=20810 outsize=629 kw=DIRECTIONAL SHADOWS_OFF LIGHTMAP_OFF DIRLIGHTMAP_OFF LUX_LINEAR GLDIFFCUBE_ON ok=1
Cmd: compileSnippet
  api=0 type=1 insize=20810 outsize=665 kw=DIRECTIONAL SHADOWS_OFF LIGHTMAP_OFF DIRLIGHTMAP_OFF LUX_LINEAR GLDIFFCUBE_ON ok=1
Cmd: compileSnippet
  api=0 type=0 insize=12602 outsize=896 kw=POINT LUX_LINEAR GLDIFFCUBE_ON ok=1
Cmd: compileSnippet
  api=0 type=1 insize=12602 outsize=580 kw=POINT LUX_LINEAR GLDIFFCUBE_ON ok=1
Cmd: compileSnippet
  api=0 type=0 insize=10379 outsize=504 kw=LUX_LINEAR GLDIFFCUBE_ON ok=1
Cmd: compileSnippet
  api=0 type=1 insize=10379 outsize=163 kw=LUX_LINEAR GLDIFFCUBE_ON ok=1
Cmd: compileSnippet
  api=0 type=0 insize=18857 outsize=549 kw=LIGHTMAP_OFF DIRLIGHTMAP_OFF LUX_LINEAR GLDIFFCUBE_ON HDR_LIGHT_PREPASS_OFF ok=1
Cmd: compileSnippet
  api=0 type=1 insize=18857 outsize=583 kw=LIGHTMAP_OFF DIRLIGHTMAP_OFF LUX_LINEAR GLDIFFCUBE_ON HDR_LIGHT_PREPASS_OFF ok=1
Cmd: preprocess
  insize=2814 outsize=1794 ok=1
Cmd: compileSnippet
  api=0 type=0 insize=114152 outsize=6272 kw=DIRECTIONAL SHADOWS_OFF LIGHTMAP_OFF DIRLIGHTMAP_OFF LUX_LINEAR LUX_LIGHTING_BP DIFFCUBE_ON SPECCUBE_ON ok=1
Cmd: compileSnippet
  api=0 type=1 insize=114152 outsize=6 kw=DIRECTIONAL SHADOWS_OFF LIGHTMAP_OFF DIRLIGHTMAP_OFF LUX_LINEAR LUX_LIGHTING_BP DIFFCUBE_ON SPECCUBE_ON ok=1
Cmd: compileSnippet
  api=0 type=0 insize=66981 outsize=4210 kw=POINT LUX_LINEAR LUX_LIGHTING_BP DIFFCUBE_ON SPECCUBE_ON ok=1
Cmd: compileSnippet
  api=0 type=1 insize=66981 outsize=6 kw=POINT LUX_LINEAR LUX_LIGHTING_BP DIFFCUBE_ON SPECCUBE_ON ok=1
Cmd: compileSnippet
  api=0 type=0 insize=66089 outsize=3300 kw=LUX_LINEAR LUX_LIGHTING_BP DIFFCUBE_ON SPECCUBE_ON ok=1
Cmd: compileSnippet
  api=0 type=1 insize=66089 outsize=6 kw=LUX_LINEAR LUX_LIGHTING_BP DIFFCUBE_ON SPECCUBE_ON ok=1
Cmd: compileSnippet
  api=0 type=0 insize=103447 outsize=5872 kw=LIGHTMAP_OFF DIRLIGHTMAP_OFF LUX_LINEAR LUX_LIGHTING_BP DIFFCUBE_ON SPECCUBE_ON HDR_LIGHT_PREPASS_OFF ok=1
Cmd: compileSnippet
  api=0 type=1 insize=103447 outsize=6 kw=LIGHTMAP_OFF DIRLIGHTMAP_OFF LUX_LINEAR LUX_LIGHTING_BP DIFFCUBE_ON SPECCUBE_ON HDR_LIGHT_PREPASS_OFF ok=1
Cmd: preprocess
  insize=2584 outsize=2898 ok=1
Cmd: compileSnippet
  api=0 type=0 insize=21790 outsize=1779 kw=DIRECTIONAL SHADOWS_OFF LIGHTMAP_OFF DIRLIGHTMAP_OFF LUX_LINEAR GLDIFFCUBE_ON ok=1
Cmd: compileSnippet
  api=0 type=1 insize=21790 outsize=722 kw=DIRECTIONAL SHADOWS_OFF LIGHTMAP_OFF DIRLIGHTMAP_OFF LUX_LINEAR GLDIFFCUBE_ON ok=1
Cmd: compileSnippet
  api=0 type=0 insize=13582 outsize=1968 kw=POINT LUX_LINEAR GLDIFFCUBE_ON ok=1
Cmd: compileSnippet
  api=0 type=1 insize=13582 outsize=608 kw=POINT LUX_LINEAR GLDIFFCUBE_ON ok=1
Cmd: compileSnippet
  api=0 type=0 insize=12191 outsize=1742 kw=LUX_LINEAR GLDIFFCUBE_ON ok=1
Cmd: compileSnippet
  api=0 type=1 insize=12191 outsize=313 kw=LUX_LINEAR GLDIFFCUBE_ON ok=1
Cmd: compileSnippet
  api=0 type=0 insize=19837 outsize=1691 kw=LIGHTMAP_OFF DIRLIGHTMAP_OFF LUX_LINEAR GLDIFFCUBE_ON HDR_LIGHT_PREPASS_OFF ok=1
Cmd: compileSnippet
  api=0 type=1 insize=19837 outsize=643 kw=LIGHTMAP_OFF DIRLIGHTMAP_OFF LUX_LINEAR GLDIFFCUBE_ON HDR_LIGHT_PREPASS_OFF ok=1
Cmd: compileSnippet
  api=0 type=0 insize=11341 outsize=1695 kw=SHADOWS_DEPTH LUX_LINEAR GLDIFFCUBE_ON ok=1
Cmd: compileSnippet
  api=0 type=1 insize=11341 outsize=246 kw=SHADOWS_DEPTH LUX_LINEAR GLDIFFCUBE_ON ok=1
Cmd: compileSnippet
  api=0 type=0 insize=11512 outsize=2245 kw=LUX_LINEAR GLDIFFCUBE_ON SHADOWS_NONATIVE ok=1
Cmd: compileSnippet
  api=0 type=1 insize=11512 outsize=910 kw=LUX_LINEAR GLDIFFCUBE_ON SHADOWS_NONATIVE ok=1
Cmd: preprocess
  insize=2670 outsize=1951 ok=1
Cmd: compileSnippet
  api=0 type=0 insize=222311 outsize=6242 kw=DIRECTIONAL SHADOWS_OFF LIGHTMAP_OFF DIRLIGHTMAP_OFF LUX_LINEAR LUX_LIGHTING_BP DIFFCUBE_ON SPECCUBE_ON LUX_AO_OFF ok=1
Cmd: compileSnippet
  api=0 type=1 insize=222311 outsize=6 kw=DIRECTIONAL SHADOWS_OFF LIGHTMAP_OFF DIRLIGHTMAP_OFF LUX_LINEAR LUX_LIGHTING_BP DIFFCUBE_ON SPECCUBE_ON LUX_AO_OFF ok=1
Cmd: compileSnippet
  api=0 type=0 insize=126204 outsize=4369 kw=POINT SHADOWS_OFF LUX_LINEAR LUX_LIGHTING_BP DIFFCUBE_ON SPECCUBE_ON LUX_AO_OFF ok=1
Cmd: compileSnippet
  api=0 type=1 insize=126204 outsize=6 kw=POINT SHADOWS_OFF LUX_LINEAR LUX_LIGHTING_BP DIFFCUBE_ON SPECCUBE_ON LUX_AO_OFF ok=1
Cmd: compileSnippet
  api=0 type=0 insize=124437 outsize=3406 kw=LUX_LINEAR LUX_LIGHTING_BP DIFFCUBE_ON SPECCUBE_ON LUX_AO_OFF ok=1
Cmd: compileSnippet
  api=0 type=1 insize=124437 outsize=6 kw=LUX_LINEAR LUX_LIGHTING_BP DIFFCUBE_ON SPECCUBE_ON LUX_AO_OFF ok=1
Cmd: compileSnippet
  api=0 type=0 insize=200559 outsize=5838 kw=LIGHTMAP_OFF DIRLIGHTMAP_OFF LUX_LINEAR LUX_LIGHTING_BP DIFFCUBE_ON SPECCUBE_ON LUX_AO_OFF HDR_LIGHT_PREPASS_OFF ok=1
Cmd: compileSnippet
  api=0 type=1 insize=200559 outsize=6 kw=LIGHTMAP_OFF DIRLIGHTMAP_OFF LUX_LINEAR LUX_LIGHTING_BP DIFFCUBE_ON SPECCUBE_ON LUX_AO_OFF HDR_LIGHT_PREPASS_OFF ok=1
Cmd: preprocess
  insize=2665 outsize=1845 ok=1
Cmd: compileSnippet
  api=0 type=0 insize=222807 outsize=6402 kw=DIRECTIONAL SHADOWS_OFF LIGHTMAP_OFF DIRLIGHTMAP_OFF LUX_LINEAR LUX_LIGHTING_BP DIFFCUBE_ON SPECCUBE_ON LUX_AO_OFF ok=1
Cmd: compileSnippet
  api=0 type=1 insize=222807 outsize=6 kw=DIRECTIONAL SHADOWS_OFF LIGHTMAP_OFF DIRLIGHTMAP_OFF LUX_LINEAR LUX_LIGHTING_BP DIFFCUBE_ON SPECCUBE_ON LUX_AO_OFF ok=1
Cmd: compileSnippet
  api=0 type=0 insize=129264 outsize=4509 kw=POINT LUX_LINEAR LUX_LIGHTING_BP DIFFCUBE_ON SPECCUBE_ON LUX_AO_OFF ok=1
Cmd: compileSnippet
  api=0 type=1 insize=129264 outsize=6 kw=POINT LUX_LINEAR LUX_LIGHTING_BP DIFFCUBE_ON SPECCUBE_ON LUX_AO_OFF ok=1
Cmd: compileSnippet
  api=0 type=0 insize=130261 outsize=3808 kw=LUX_LINEAR LUX_LIGHTING_BP DIFFCUBE_ON SPECCUBE_ON LUX_AO_OFF ok=1
Cmd: compileSnippet
  api=0 type=1 insize=130261 outsize=6 kw=LUX_LINEAR LUX_LIGHTING_BP DIFFCUBE_ON SPECCUBE_ON LUX_AO_OFF ok=1
Cmd: compileSnippet
  api=0 type=0 insize=202447 outsize=5997 kw=LIGHTMAP_OFF DIRLIGHTMAP_OFF LUX_LINEAR LUX_LIGHTING_BP DIFFCUBE_ON SPECCUBE_ON LUX_AO_OFF HDR_LIGHT_PREPASS_OFF ok=1
Cmd: compileSnippet
  api=0 type=1 insize=202447 outsize=6 kw=LIGHTMAP_OFF DIRLIGHTMAP_OFF LUX_LINEAR LUX_LIGHTING_BP DIFFCUBE_ON SPECCUBE_ON LUX_AO_OFF HDR_LIGHT_PREPASS_OFF ok=1
Cmd: preprocess
  insize=11184 outsize=953 ok=1
Cmd: compileSnippet
  api=0 type=0 insize=10198 outsize=671 kw=POINT SHADOWS_OFF LUX_LIGHTING_CT ok=1
Cmd: compileSnippet
  api=0 type=1 insize=10198 outsize=1967 kw=POINT SHADOWS_OFF LUX_LIGHTING_CT ok=1
Cmd: compileSnippet
  api=0 type=0 insize=10192 outsize=671 kw=POINT SHADOWS_OFF LUX_LIGHTING_CT ok=1
Cmd: compileSnippet
  api=0 type=1 insize=10192 outsize=1869 kw=POINT SHADOWS_OFF LUX_LIGHTING_CT ok=1
Cmd: compileSnippet
  api=0 type=0 insize=10197 outsize=671 kw=POINT SHADOWS_OFF LUX_LIGHTING_BP ok=1
Cmd: compileSnippet
  api=0 type=1 insize=10197 outsize=1805 kw=POINT SHADOWS_OFF LUX_LIGHTING_BP ok=1
Cmd: preprocess
  insize=9662 outsize=3993 ok=1
Cmd: compileSnippet
  api=0 type=0 insize=187656 outsize=8458 kw=DIRECTIONAL SHADOWS_OFF LIGHTMAP_OFF DIRLIGHTMAP_OFF LUX_LINEAR GLDIFFCUBE_ON LUX_LIGHTING_BP COLORMAP_ON ok=1
Cmd: compileSnippet
  api=0 type=1 insize=187656 outsize=6 kw=DIRECTIONAL SHADOWS_OFF LIGHTMAP_OFF DIRLIGHTMAP_OFF LUX_LINEAR GLDIFFCUBE_ON LUX_LIGHTING_BP COLORMAP_ON ok=1
Cmd: compileSnippet
  api=0 type=0 insize=143721 outsize=7304 kw=POINT LUX_LINEAR GLDIFFCUBE_ON LUX_LIGHTING_BP COLORMAP_ON ok=1
Cmd: compileSnippet
  api=0 type=1 insize=143721 outsize=6 kw=POINT LUX_LINEAR GLDIFFCUBE_ON LUX_LIGHTING_BP COLORMAP_ON ok=1
Cmd: compileSnippet
  api=0 type=0 insize=142318 outsize=6364 kw=LUX_LINEAR GLDIFFCUBE_ON LUX_LIGHTING_BP COLORMAP_ON ok=1
Cmd: compileSnippet
  api=0 type=1 insize=142318 outsize=6 kw=LUX_LINEAR GLDIFFCUBE_ON LUX_LIGHTING_BP COLORMAP_ON ok=1
Cmd: compileSnippet
  api=0 type=0 insize=175888 outsize=7876 kw=LIGHTMAP_OFF DIRLIGHTMAP_OFF LUX_LINEAR GLDIFFCUBE_ON LUX_LIGHTING_BP HDR_LIGHT_PREPASS_OFF COLORMAP_ON ok=1
Cmd: compileSnippet
  api=0 type=1 insize=175888 outsize=6 kw=LIGHTMAP_OFF DIRLIGHTMAP_OFF LUX_LINEAR GLDIFFCUBE_ON LUX_LIGHTING_BP HDR_LIGHT_PREPASS_OFF COLORMAP_ON ok=1
Cmd: preprocess
  insize=1408 outsize=1438 ok=1
Cmd: compileSnippet
  api=0 type=0 insize=43530 outsize=3107 kw=DIRECTIONAL SHADOWS_OFF LIGHTMAP_OFF DIRLIGHTMAP_OFF LUX_LINEAR DIFFCUBE_ON LUX_AO_OFF ok=1
Cmd: compileSnippet
  api=0 type=1 insize=43530 outsize=6 kw=DIRECTIONAL SHADOWS_OFF LIGHTMAP_OFF DIRLIGHTMAP_OFF LUX_LINEAR DIFFCUBE_ON LUX_AO_OFF ok=1
Cmd: compileSnippet
  api=0 type=0 insize=23627 outsize=2360 kw=POINT LUX_LINEAR DIFFCUBE_ON LUX_AO_OFF ok=1
Cmd: compileSnippet
  api=0 type=1 insize=23627 outsize=6 kw=POINT LUX_LINEAR DIFFCUBE_ON LUX_AO_OFF ok=1
Cmd: compileSnippet
  api=0 type=0 insize=23607 outsize=2217 kw=LUX_LINEAR DIFFCUBE_ON LUX_AO_OFF ok=1
Cmd: compileSnippet
  api=0 type=1 insize=23607 outsize=6 kw=LUX_LINEAR DIFFCUBE_ON LUX_AO_OFF ok=1
Cmd: compileSnippet
  api=0 type=0 insize=39577 outsize=3133 kw=LIGHTMAP_OFF DIRLIGHTMAP_OFF LUX_LINEAR DIFFCUBE_ON LUX_AO_OFF HDR_LIGHT_PREPASS_OFF ok=1
Cmd: compileSnippet
  api=0 type=1 insize=39577 outsize=6 kw=LIGHTMAP_OFF DIRLIGHTMAP_OFF LUX_LINEAR DIFFCUBE_ON LUX_AO_OFF HDR_LIGHT_PREPASS_OFF ok=1
Cmd: preprocess
  insize=6067 outsize=1796 ok=1
Cmd: compileSnippet
  api=0 type=0 insize=10567 outsize=6863 kw=DIRECTIONAL SHADOWS_OFF LIGHTMAP_OFF DIRLIGHTMAP_OFF ok=1
Cmd: compileSnippet
  api=0 type=1 insize=10567 outsize=6 kw=DIRECTIONAL SHADOWS_OFF LIGHTMAP_OFF DIRLIGHTMAP_OFF ok=1
Cmd: compileSnippet
  api=0 type=0 insize=7365 outsize=4958 kw=POINT SHADOWS_OFF ok=1
Cmd: compileSnippet
  api=0 type=1 insize=7365 outsize=6 kw=POINT SHADOWS_OFF ok=1
Cmd: preprocess
  insize=9632 outsize=2775 ok=1
Cmd: compileSnippet
  api=0 type=0 insize=27178 outsize=13593 kw=DIRECTIONAL SHADOWS_OFF LIGHTMAP_OFF DIRLIGHTMAP_OFF LUX_AO_OFF ok=1
Cmd: compileSnippet
  api=0 type=1 insize=27178 outsize=6 kw=DIRECTIONAL SHADOWS_OFF LIGHTMAP_OFF DIRLIGHTMAP_OFF LUX_AO_OFF ok=1
Cmd: compileSnippet
  api=0 type=0 insize=21848 outsize=12873 kw=POINT SHADOWS_OFF LUX_AO_OFF ok=1
Cmd: compileSnippet
  api=0 type=1 insize=21848 outsize=6 kw=POINT SHADOWS_OFF LUX_AO_OFF ok=1
Cmd: compileSnippet
  api=0 type=0 insize=21255 outsize=11300 kw=LUX_AO_OFF ok=1
Cmd: compileSnippet
  api=0 type=1 insize=21255 outsize=6 kw=LUX_AO_OFF ok=1
Cmd: compileSnippet
  api=0 type=0 insize=25735 outsize=13195 kw=LIGHTMAP_OFF DIRLIGHTMAP_OFF LUX_AO_OFF HDR_LIGHT_PREPASS_OFF ok=1
Cmd: compileSnippet
  api=0 type=1 insize=25735 outsize=6 kw=LIGHTMAP_OFF DIRLIGHTMAP_OFF LUX_AO_OFF HDR_LIGHT_PREPASS_OFF ok=1
Cmd: preprocess
  insize=775 outsize=1384 ok=1
Cmd: compileSnippet
  api=0 type=0 insize=4295 outsize=550 kw=DIRECTIONAL SHADOWS_OFF LIGHTMAP_OFF DIRLIGHTMAP_OFF ok=1
Cmd: compileSnippet
  api=0 type=1 insize=4295 outsize=378 kw=DIRECTIONAL SHADOWS_OFF LIGHTMAP_OFF DIRLIGHTMAP_OFF ok=1
Cmd: compileSnippet
  api=0 type=0 insize=2312 outsize=817 kw=POINT ok=1
Cmd: compileSnippet
  api=0 type=1 insize=2312 outsize=549 kw=POINT ok=1
Cmd: compileSnippet
  api=0 type=0 insize=3885 outsize=470 kw=LIGHTMAP_OFF DIRLIGHTMAP_OFF HDR_LIGHT_PREPASS_OFF ok=1
Cmd: compileSnippet
  api=0 type=1 insize=3885 outsize=312 kw=LIGHTMAP_OFF DIRLIGHTMAP_OFF HDR_LIGHT_PREPASS_OFF ok=1
Cmd: preprocess
  insize=4205 outsize=2143 ok=1
Cmd: compileSnippet
  api=0 type=0 insize=139930 outsize=6499 kw=DIRECTIONAL SHADOWS_OFF LIGHTMAP_OFF DIRLIGHTMAP_OFF LUX_LINEAR LUX_LLFIX_MESHTREES_ON GLDIFFCUBE_ON LUX_LIGHTING_BP ok=1
Cmd: compileSnippet
  api=0 type=1 insize=139930 outsize=6 kw=DIRECTIONAL SHADOWS_OFF LIGHTMAP_OFF DIRLIGHTMAP_OFF LUX_LINEAR LUX_LLFIX_MESHTREES_ON GLDIFFCUBE_ON LUX_LIGHTING_BP ok=1
Cmd: compileSnippet
  api=0 type=0 insize=95659 outsize=5289 kw=POINT LUX_LINEAR LUX_LLFIX_MESHTREES_ON GLDIFFCUBE_ON LUX_LIGHTING_BP ok=1
Cmd: compileSnippet
  api=0 type=1 insize=95659 outsize=6 kw=POINT LUX_LINEAR LUX_LLFIX_MESHTREES_ON GLDIFFCUBE_ON LUX_LIGHTING_BP ok=1
Cmd: compileSnippet
  api=0 type=0 insize=93062 outsize=4018 kw=LUX_LINEAR LUX_LLFIX_MESHTREES_ON GLDIFFCUBE_ON LUX_LIGHTING_BP ok=1
Cmd: compileSnippet
  api=0 type=1 insize=93062 outsize=6 kw=LUX_LINEAR LUX_LLFIX_MESHTREES_ON GLDIFFCUBE_ON LUX_LIGHTING_BP ok=1
Cmd: compileSnippet
  api=0 type=0 insize=127826 outsize=5648 kw=LIGHTMAP_OFF DIRLIGHTMAP_OFF LUX_LINEAR LUX_LLFIX_MESHTREES_ON GLDIFFCUBE_ON LUX_LIGHTING_BP HDR_LIGHT_PREPASS_OFF ok=1
Cmd: compileSnippet
  api=0 type=1 insize=127826 outsize=6 kw=LIGHTMAP_OFF DIRLIGHTMAP_OFF LUX_LINEAR LUX_LLFIX_MESHTREES_ON GLDIFFCUBE_ON LUX_LIGHTING_BP HDR_LIGHT_PREPASS_OFF ok=1
Cmd: compileSnippet
  api=0 type=0 insize=81410 outsize=2559 kw=SHADOWS_DEPTH LUX_LINEAR LUX_LLFIX_MESHTREES_ON GLDIFFCUBE_ON LUX_LIGHTING_BP ok=1
Cmd: compileSnippet
  api=0 type=1 insize=81410 outsize=6 kw=SHADOWS_DEPTH LUX_LINEAR LUX_LLFIX_MESHTREES_ON GLDIFFCUBE_ON LUX_LIGHTING_BP ok=1
Cmd: compileSnippet
  api=0 type=0 insize=82085 outsize=4123 kw=LUX_LINEAR LUX_LLFIX_MESHTREES_ON GLDIFFCUBE_ON SHADOWS_NONATIVE LUX_LIGHTING_BP ok=1
Cmd: compileSnippet
  api=0 type=1 insize=82085 outsize=6 kw=LUX_LINEAR LUX_LLFIX_MESHTREES_ON GLDIFFCUBE_ON SHADOWS_NONATIVE LUX_LIGHTING_BP ok=1
Cmd: preprocess
  insize=2352 outsize=1935 ok=1
Cmd: compileSnippet
  api=0 type=0 insize=214951 outsize=6165 kw=DIRECTIONAL SHADOWS_OFF LIGHTMAP_OFF DIRLIGHTMAP_OFF LUX_LINEAR LUX_LIGHTING_BP DIFFCUBE_ON SPECCUBE_ON LUX_AO_OFF ok=1
Cmd: compileSnippet
  api=0 type=1 insize=214951 outsize=6 kw=DIRECTIONAL SHADOWS_OFF LIGHTMAP_OFF DIRLIGHTMAP_OFF LUX_LINEAR LUX_LIGHTING_BP DIFFCUBE_ON SPECCUBE_ON LUX_AO_OFF ok=1
Cmd: compileSnippet
  api=0 type=0 insize=118416 outsize=4279 kw=POINT LUX_LINEAR LUX_LIGHTING_BP DIFFCUBE_ON SPECCUBE_ON LUX_AO_OFF ok=1
Cmd: compileSnippet
  api=0 type=1 insize=118416 outsize=6 kw=POINT LUX_LINEAR LUX_LIGHTING_BP DIFFCUBE_ON SPECCUBE_ON LUX_AO_OFF ok=1
Cmd: compileSnippet
  api=0 type=0 insize=116533 outsize=3367 kw=LUX_LINEAR LUX_LIGHTING_BP DIFFCUBE_ON SPECCUBE_ON LUX_AO_OFF ok=1
Cmd: compileSnippet
  api=0 type=1 insize=116533 outsize=6 kw=LUX_LINEAR LUX_LIGHTING_BP DIFFCUBE_ON SPECCUBE_ON LUX_AO_OFF ok=1
Cmd: compileSnippet
  api=0 type=0 insize=192115 outsize=5745 kw=LIGHTMAP_OFF DIRLIGHTMAP_OFF LUX_LINEAR LUX_LIGHTING_BP DIFFCUBE_ON SPECCUBE_ON LUX_AO_OFF HDR_LIGHT_PREPASS_OFF ok=1
Cmd: compileSnippet
  api=0 type=1 insize=192115 outsize=6 kw=LIGHTMAP_OFF DIRLIGHTMAP_OFF LUX_LINEAR LUX_LIGHTING_BP DIFFCUBE_ON SPECCUBE_ON LUX_AO_OFF HDR_LIGHT_PREPASS_OFF ok=1
Cmd: preprocess
  insize=3250 outsize=1987 ok=1
Cmd: compileSnippet
  api=0 type=0 insize=237671 outsize=6706 kw=DIRECTIONAL SHADOWS_OFF LIGHTMAP_OFF DIRLIGHTMAP_OFF LUX_LINEAR LUX_LIGHTING_BP DIFFCUBE_ON SPECCUBE_ON LUX_AO_OFF ok=1
Cmd: compileSnippet
  api=0 type=1 insize=237671 outsize=6 kw=DIRECTIONAL SHADOWS_OFF LIGHTMAP_OFF DIRLIGHTMAP_OFF LUX_LINEAR LUX_LIGHTING_BP DIFFCUBE_ON SPECCUBE_ON LUX_AO_OFF ok=1
Cmd: compileSnippet
  api=0 type=0 insize=141424 outsize=4835 kw=POINT LUX_LINEAR LUX_LIGHTING_BP DIFFCUBE_ON SPECCUBE_ON LUX_AO_OFF ok=1
Cmd: compileSnippet
  api=0 type=1 insize=141424 outsize=6 kw=POINT LUX_LINEAR LUX_LIGHTING_BP DIFFCUBE_ON SPECCUBE_ON LUX_AO_OFF ok=1
Cmd: compileSnippet
  api=0 type=0 insize=139669 outsize=3746 kw=LUX_LINEAR LUX_LIGHTING_BP DIFFCUBE_ON SPECCUBE_ON LUX_AO_OFF ok=1
Cmd: compileSnippet
  api=0 type=1 insize=139669 outsize=6 kw=LUX_LINEAR LUX_LIGHTING_BP DIFFCUBE_ON SPECCUBE_ON LUX_AO_OFF ok=1
Cmd: compileSnippet
  api=0 type=0 insize=215455 outsize=6307 kw=LIGHTMAP_OFF DIRLIGHTMAP_OFF LUX_LINEAR LUX_LIGHTING_BP DIFFCUBE_ON SPECCUBE_ON LUX_AO_OFF HDR_LIGHT_PREPASS_OFF ok=1
Cmd: compileSnippet
  api=0 type=1 insize=215455 outsize=6 kw=LIGHTMAP_OFF DIRLIGHTMAP_OFF LUX_LINEAR LUX_LIGHTING_BP DIFFCUBE_ON SPECCUBE_ON LUX_AO_OFF HDR_LIGHT_PREPASS_OFF ok=1
Cmd: preprocess
  insize=3532 outsize=1340 ok=1
Cmd: compileSnippet
  api=0 type=0 insize=131568 outsize=4303 kw=DIRECTIONAL SHADOWS_OFF LIGHTMAP_OFF DIRLIGHTMAP_OFF LUX_LINEAR GLDIFFCUBE_ON LUX_LIGHTING_BP COLORMAP_ON ok=1
Cmd: compileSnippet
  api=0 type=1 insize=131568 outsize=6 kw=DIRECTIONAL SHADOWS_OFF LIGHTMAP_OFF DIRLIGHTMAP_OFF LUX_LINEAR GLDIFFCUBE_ON LUX_LIGHTING_BP COLORMAP_ON ok=1
Cmd: compileSnippet
  api=0 type=0 insize=87713 outsize=3523 kw=POINT LUX_LINEAR GLDIFFCUBE_ON LUX_LIGHTING_BP COLORMAP_ON ok=1
Cmd: compileSnippet
  api=0 type=1 insize=87713 outsize=6 kw=POINT LUX_LINEAR GLDIFFCUBE_ON LUX_LIGHTING_BP COLORMAP_ON ok=1
Cmd: compileSnippet
  api=0 type=0 insize=86309 outsize=2530 kw=LUX_LINEAR GLDIFFCUBE_ON LUX_LIGHTING_BP COLORMAP_ON ok=1
Cmd: compileSnippet
  api=0 type=1 insize=86309 outsize=6 kw=LUX_LINEAR GLDIFFCUBE_ON LUX_LIGHTING_BP COLORMAP_ON ok=1
Cmd: compileSnippet
  api=0 type=0 insize=119880 outsize=3784 kw=LIGHTMAP_OFF DIRLIGHTMAP_OFF LUX_LINEAR GLDIFFCUBE_ON LUX_LIGHTING_BP HDR_LIGHT_PREPASS_OFF COLORMAP_ON ok=1
Cmd: compileSnippet
  api=0 type=1 insize=119880 outsize=6 kw=LIGHTMAP_OFF DIRLIGHTMAP_OFF LUX_LINEAR GLDIFFCUBE_ON LUX_LIGHTING_BP HDR_LIGHT_PREPASS_OFF COLORMAP_ON ok=1
Cmd: preprocess
  insize=8936 outsize=2376 ok=1
Cmd: compileSnippet
  api=0 type=0 insize=878 outsize=682 kw= ok=1
Cmd: compileSnippet
  api=0 type=1 insize=878 outsize=551 kw= ok=1
Cmd: compileSnippet
  api=0 type=0 insize=627 outsize=612 kw= ok=1
Cmd: compileSnippet
  api=0 type=1 insize=627 outsize=425 kw= ok=1
Cmd: compileSnippet
  api=0 type=0 insize=628 outsize=612 kw= ok=1
Cmd: compileSnippet
  api=0 type=1 insize=628 outsize=425 kw= ok=1
Cmd: compileSnippet
  api=0 type=0 insize=880 outsize=682 kw= ok=1
Cmd: compileSnippet
  api=0 type=1 insize=880 outsize=551 kw= ok=1
Cmd: compileSnippet
  api=0 type=0 insize=792 outsize=1555 kw= ok=1
Cmd: compileSnippet
  api=0 type=1 insize=792 outsize=425 kw= ok=1
Cmd: compileSnippet
  api=0 type=0 insize=908 outsize=1885 kw= ok=1
Cmd: compileSnippet
  api=0 type=1 insize=908 outsize=526 kw= ok=1
Cmd: compileSnippet
  api=0 type=0 insize=788 outsize=861 kw= ok=1
Cmd: compileSnippet
  api=0 type=1 insize=788 outsize=425 kw= ok=1
Cmd: compileSnippet
  api=0 type=0 insize=985 outsize=908 kw= ok=1
Cmd: compileSnippet
  api=0 type=1 insize=985 outsize=526 kw= ok=1
Cmd: compileSnippet
  api=0 type=0 insize=992 outsize=856 kw= ok=1
Cmd: compileSnippet
  api=0 type=1 insize=992 outsize=526 kw= ok=1
Cmd: compileSnippet
  api=0 type=0 insize=885 outsize=919 kw= ok=1
Cmd: compileSnippet
  api=0 type=1 insize=885 outsize=522 kw= ok=1
Cmd: compileSnippet
  api=0 type=0 insize=959 outsize=1980 kw= ok=1
Cmd: compileSnippet
  api=0 type=1 insize=959 outsize=566 kw= ok=1
Cmd: compileSnippet
  api=0 type=0 insize=911 outsize=1812 kw= ok=1
Cmd: compileSnippet
  api=0 type=1 insize=911 outsize=566 kw= ok=1
Cmd: preprocess
  insize=2857 outsize=1806 ok=1
Cmd: compileSnippet
  api=0 type=0 insize=119912 outsize=7082 kw=DIRECTIONAL SHADOWS_OFF LIGHTMAP_OFF DIRLIGHTMAP_OFF LUX_LINEAR LUX_LIGHTING_BP DIFFCUBE_ON LUX_AO_OFF ok=1
Cmd: compileSnippet
  api=0 type=1 insize=119912 outsize=6 kw=DIRECTIONAL SHADOWS_OFF LIGHTMAP_OFF DIRLIGHTMAP_OFF LUX_LINEAR LUX_LIGHTING_BP DIFFCUBE_ON LUX_AO_OFF ok=1
Cmd: compileSnippet
  api=0 type=0 insize=65745 outsize=5254 kw=POINT LUX_LINEAR LUX_LIGHTING_BP DIFFCUBE_ON LUX_AO_OFF ok=1
Cmd: compileSnippet
  api=0 type=1 insize=65745 outsize=6 kw=POINT LUX_LINEAR LUX_LIGHTING_BP DIFFCUBE_ON LUX_AO_OFF ok=1
Cmd: compileSnippet
  api=0 type=0 insize=64853 outsize=4248 kw=LUX_LINEAR LUX_LIGHTING_BP DIFFCUBE_ON LUX_AO_OFF ok=1
Cmd: compileSnippet
  api=0 type=1 insize=64853 outsize=6 kw=LUX_LINEAR LUX_LIGHTING_BP DIFFCUBE_ON LUX_AO_OFF ok=1
Cmd: compileSnippet
  api=0 type=0 insize=109071 outsize=6684 kw=LIGHTMAP_OFF DIRLIGHTMAP_OFF LUX_LINEAR LUX_LIGHTING_BP DIFFCUBE_ON LUX_AO_OFF HDR_LIGHT_PREPASS_OFF ok=1
Cmd: compileSnippet
  api=0 type=1 insize=109071 outsize=6 kw=LIGHTMAP_OFF DIRLIGHTMAP_OFF LUX_LINEAR LUX_LIGHTING_BP DIFFCUBE_ON LUX_AO_OFF HDR_LIGHT_PREPASS_OFF ok=1
Cmd: preprocess
  insize=3158 outsize=565 ok=1
Cmd: compileSnippet
  api=0 type=0 insize=2896 outsize=1296 kw=LUX_LINEAR GLDIFFCUBE_ON LUX_LLFIX_BILLBOARDS_ON ok=1
Cmd: compileSnippet
  api=0 type=1 insize=2896 outsize=1453 kw=LUX_LINEAR GLDIFFCUBE_ON LUX_LLFIX_BILLBOARDS_ON ok=1
Cmd: preprocess
  insize=2975 outsize=1878 ok=1
Cmd: compileSnippet
  api=0 type=0 insize=120632 outsize=7142 kw=DIRECTIONAL SHADOWS_OFF LIGHTMAP_OFF DIRLIGHTMAP_OFF LUX_LINEAR LUX_LIGHTING_BP DIFFCUBE_ON LUX_AO_OFF ok=1
Cmd: compileSnippet
  api=0 type=1 insize=120632 outsize=6 kw=DIRECTIONAL SHADOWS_OFF LIGHTMAP_OFF DIRLIGHTMAP_OFF LUX_LINEAR LUX_LIGHTING_BP DIFFCUBE_ON LUX_AO_OFF ok=1
Cmd: compileSnippet
  api=0 type=0 insize=66465 outsize=5196 kw=POINT LUX_LINEAR LUX_LIGHTING_BP DIFFCUBE_ON LUX_AO_OFF ok=1
Cmd: compileSnippet
  api=0 type=1 insize=66465 outsize=6 kw=POINT LUX_LINEAR LUX_LIGHTING_BP DIFFCUBE_ON LUX_AO_OFF ok=1
Cmd: compileSnippet
  api=0 type=0 insize=65573 outsize=4248 kw=LUX_LINEAR LUX_LIGHTING_BP DIFFCUBE_ON LUX_AO_OFF ok=1
Cmd: compileSnippet
  api=0 type=1 insize=65573 outsize=6 kw=LUX_LINEAR LUX_LIGHTING_BP DIFFCUBE_ON LUX_AO_OFF ok=1
Cmd: compileSnippet
  api=0 type=0 insize=109423 outsize=6744 kw=LIGHTMAP_OFF DIRLIGHTMAP_OFF LUX_LINEAR LUX_LIGHTING_BP DIFFCUBE_ON LUX_AO_OFF HDR_LIGHT_PREPASS_OFF ok=1
Cmd: compileSnippet
  api=0 type=1 insize=109423 outsize=6 kw=LIGHTMAP_OFF DIRLIGHTMAP_OFF LUX_LINEAR LUX_LIGHTING_BP DIFFCUBE_ON LUX_AO_OFF HDR_LIGHT_PREPASS_OFF ok=1
Cmd: preprocess
  insize=2292 outsize=1730 ok=1
Cmd: compileSnippet
  api=0 type=0 insize=216167 outsize=5991 kw=DIRECTIONAL SHADOWS_OFF LIGHTMAP_OFF DIRLIGHTMAP_OFF LUX_LINEAR LUX_LIGHTING_BP DIFFCUBE_ON SPECCUBE_ON LUX_AO_OFF ok=1
Cmd: compileSnippet
  api=0 type=1 insize=216167 outsize=6 kw=DIRECTIONAL SHADOWS_OFF LIGHTMAP_OFF DIRLIGHTMAP_OFF LUX_LINEAR LUX_LIGHTING_BP DIFFCUBE_ON SPECCUBE_ON LUX_AO_OFF ok=1
Cmd: compileSnippet
  api=0 type=0 insize=120048 outsize=4118 kw=POINT LUX_LINEAR LUX_LIGHTING_BP DIFFCUBE_ON SPECCUBE_ON LUX_AO_OFF ok=1
Cmd: compileSnippet
  api=0 type=1 insize=120048 outsize=6 kw=POINT LUX_LINEAR LUX_LIGHTING_BP DIFFCUBE_ON SPECCUBE_ON LUX_AO_OFF ok=1
Cmd: compileSnippet
  api=0 type=0 insize=118293 outsize=3165 kw=LUX_LINEAR LUX_LIGHTING_BP DIFFCUBE_ON SPECCUBE_ON LUX_AO_OFF ok=1
Cmd: compileSnippet
  api=0 type=1 insize=118293 outsize=6 kw=LUX_LINEAR LUX_LIGHTING_BP DIFFCUBE_ON SPECCUBE_ON LUX_AO_OFF ok=1
Cmd: compileSnippet
  api=0 type=0 insize=194415 outsize=5592 kw=LIGHTMAP_OFF DIRLIGHTMAP_OFF LUX_LINEAR LUX_LIGHTING_BP DIFFCUBE_ON SPECCUBE_ON LUX_AO_OFF HDR_LIGHT_PREPASS_OFF ok=1
Cmd: compileSnippet
  api=0 type=1 insize=194415 outsize=6 kw=LIGHTMAP_OFF DIRLIGHTMAP_OFF LUX_LINEAR LUX_LIGHTING_BP DIFFCUBE_ON SPECCUBE_ON LUX_AO_OFF HDR_LIGHT_PREPASS_OFF ok=1
Cmd: preprocess
  insize=8101 outsize=2302 ok=1
Cmd: compileSnippet
  api=0 type=0 insize=94107 outsize=7425 kw=DIRECTIONAL SHADOWS_OFF LIGHTMAP_OFF DIRLIGHTMAP_OFF LUX_LINEAR DIFFCUBE_ON SPECCUBE_ON ok=1
Cmd: compileSnippet
  api=0 type=1 insize=94107 outsize=6 kw=DIRECTIONAL SHADOWS_OFF LIGHTMAP_OFF DIRLIGHTMAP_OFF LUX_LINEAR DIFFCUBE_ON SPECCUBE_ON ok=1
Cmd: compileSnippet
  api=0 type=0 insize=74836 outsize=6265 kw=POINT SHADOWS_OFF LUX_LINEAR DIFFCUBE_ON SPECCUBE_ON ok=1
Cmd: compileSnippet
  api=0 type=1 insize=74836 outsize=6 kw=POINT SHADOWS_OFF LUX_LINEAR DIFFCUBE_ON SPECCUBE_ON ok=1
Cmd: preprocess
  insize=6949 outsize=2968 ok=1
Cmd: compileSnippet
  api=0 type=0 insize=163144 outsize=7451 kw=DIRECTIONAL SHADOWS_OFF LIGHTMAP_OFF DIRLIGHTMAP_OFF LUX_LINEAR GLDIFFCUBE_ON LUX_LIGHTING_BP COLORMAP_ON ok=1
Cmd: compileSnippet
  api=0 type=1 insize=163144 outsize=6 kw=DIRECTIONAL SHADOWS_OFF LIGHTMAP_OFF DIRLIGHTMAP_OFF LUX_LINEAR GLDIFFCUBE_ON LUX_LIGHTING_BP COLORMAP_ON ok=1
Cmd: compileSnippet
  api=0 type=0 insize=119209 outsize=6686 kw=POINT LUX_LINEAR GLDIFFCUBE_ON LUX_LIGHTING_BP COLORMAP_ON ok=1
Cmd: compileSnippet
  api=0 type=1 insize=119209 outsize=6 kw=POINT LUX_LINEAR GLDIFFCUBE_ON LUX_LIGHTING_BP COLORMAP_ON ok=1
Cmd: compileSnippet
  api=0 type=0 insize=118317 outsize=5745 kw=LUX_LINEAR GLDIFFCUBE_ON LUX_LIGHTING_BP COLORMAP_ON ok=1
Cmd: compileSnippet
  api=0 type=1 insize=118317 outsize=6 kw=LUX_LINEAR GLDIFFCUBE_ON LUX_LIGHTING_BP COLORMAP_ON ok=1
Cmd: compileSnippet
  api=0 type=0 insize=151376 outsize=6869 kw=LIGHTMAP_OFF DIRLIGHTMAP_OFF LUX_LINEAR GLDIFFCUBE_ON LUX_LIGHTING_BP HDR_LIGHT_PREPASS_OFF COLORMAP_ON ok=1
Cmd: compileSnippet
  api=0 type=1 insize=151376 outsize=6 kw=LIGHTMAP_OFF DIRLIGHTMAP_OFF LUX_LINEAR GLDIFFCUBE_ON LUX_LIGHTING_BP HDR_LIGHT_PREPASS_OFF COLORMAP_ON ok=1
Cmd: preprocess
  insize=4559 outsize=1906 ok=1
Cmd: compileSnippet
  api=0 type=0 insize=289919 outsize=6989 kw=DIRECTIONAL SHADOWS_OFF LIGHTMAP_OFF DIRLIGHTMAP_OFF LUX_LINEAR LUX_LIGHTING_BP DIFFCUBE_ON SPECCUBE_ON LUX_AO_OFF ok=1
Cmd: compileSnippet
  api=0 type=1 insize=289919 outsize=6 kw=DIRECTIONAL SHADOWS_OFF LIGHTMAP_OFF DIRLIGHTMAP_OFF LUX_LINEAR LUX_LIGHTING_BP DIFFCUBE_ON SPECCUBE_ON LUX_AO_OFF ok=1
Cmd: compileSnippet
  api=0 type=0 insize=207164 outsize=6292 kw=POINT SHADOWS_OFF LUX_LINEAR LUX_LIGHTING_BP DIFFCUBE_ON SPECCUBE_ON LUX_AO_OFF ok=1
Cmd: compileSnippet
  api=0 type=1 insize=207164 outsize=6 kw=POINT SHADOWS_OFF LUX_LINEAR LUX_LIGHTING_BP DIFFCUBE_ON SPECCUBE_ON LUX_AO_OFF ok=1
Cmd: compileSnippet
  api=0 type=0 insize=195509 outsize=4458 kw=LUX_LINEAR LUX_LIGHTING_BP DIFFCUBE_ON SPECCUBE_ON LUX_AO_OFF ok=1
Cmd: compileSnippet
  api=0 type=1 insize=195509 outsize=6 kw=LUX_LINEAR LUX_LIGHTING_BP DIFFCUBE_ON SPECCUBE_ON LUX_AO_OFF ok=1
Cmd: compileSnippet
  api=0 type=0 insize=267031 outsize=6593 kw=LIGHTMAP_OFF DIRLIGHTMAP_OFF LUX_LINEAR LUX_LIGHTING_BP DIFFCUBE_ON SPECCUBE_ON LUX_AO_OFF HDR_LIGHT_PREPASS_OFF ok=1
Cmd: compileSnippet
  api=0 type=1 insize=267031 outsize=6 kw=LIGHTMAP_OFF DIRLIGHTMAP_OFF LUX_LINEAR LUX_LIGHTING_BP DIFFCUBE_ON SPECCUBE_ON LUX_AO_OFF HDR_LIGHT_PREPASS_OFF ok=1
Cmd: preprocess
  insize=2041 outsize=2142 ok=1
Cmd: compileSnippet
  api=0 type=0 insize=50233 outsize=5802 kw=DIRECTIONAL SHADOWS_OFF LIGHTMAP_OFF DIRLIGHTMAP_OFF LUX_LINEAR LUX_LIGHTING_BP DIFFCUBE_ON ok=1
Cmd: compileSnippet
  api=0 type=1 insize=50233 outsize=6 kw=DIRECTIONAL SHADOWS_OFF LIGHTMAP_OFF DIRLIGHTMAP_OFF LUX_LINEAR LUX_LIGHTING_BP DIFFCUBE_ON ok=1
Cmd: compileSnippet
  api=0 type=0 insize=28418 outsize=5007 kw=POINT LUX_LINEAR LUX_LIGHTING_BP DIFFCUBE_ON ok=1
Cmd: compileSnippet
  api=0 type=1 insize=28418 outsize=6 kw=POINT LUX_LINEAR LUX_LIGHTING_BP DIFFCUBE_ON ok=1
Cmd: compileSnippet
  api=0 type=0 insize=27349 outsize=3852 kw=LUX_LINEAR LUX_LIGHTING_BP DIFFCUBE_ON ok=1
Cmd: compileSnippet
  api=0 type=1 insize=27349 outsize=6 kw=LUX_LINEAR LUX_LIGHTING_BP DIFFCUBE_ON ok=1
Cmd: compileSnippet
  api=0 type=0 insize=44504 outsize=5021 kw=LIGHTMAP_OFF DIRLIGHTMAP_OFF LUX_LINEAR LUX_LIGHTING_BP DIFFCUBE_ON HDR_LIGHT_PREPASS_OFF ok=1
Cmd: compileSnippet
  api=0 type=1 insize=44504 outsize=6 kw=LIGHTMAP_OFF DIRLIGHTMAP_OFF LUX_LINEAR LUX_LIGHTING_BP DIFFCUBE_ON HDR_LIGHT_PREPASS_OFF ok=1
Cmd: compileSnippet
  api=0 type=0 insize=21552 outsize=2407 kw=SHADOWS_DEPTH LUX_LINEAR LUX_LIGHTING_BP DIFFCUBE_ON ok=1
Cmd: compileSnippet
  api=0 type=1 insize=21552 outsize=6 kw=SHADOWS_DEPTH LUX_LINEAR LUX_LIGHTING_BP DIFFCUBE_ON ok=1
Cmd: compileSnippet
  api=0 type=0 insize=21891 outsize=3972 kw=LUX_LINEAR SHADOWS_NONATIVE LUX_LIGHTING_BP DIFFCUBE_ON ok=1
Cmd: compileSnippet
  api=0 type=1 insize=21891 outsize=6 kw=LUX_LINEAR SHADOWS_NONATIVE LUX_LIGHTING_BP DIFFCUBE_ON ok=1
Cmd: preprocess
  insize=2530 outsize=1675 ok=1
Cmd: compileSnippet
  api=0 type=0 insize=111512 outsize=6096 kw=DIRECTIONAL SHADOWS_OFF LIGHTMAP_OFF DIRLIGHTMAP_OFF LUX_LINEAR LUX_LIGHTING_BP DIFFCUBE_ON SPECCUBE_ON ok=1
Cmd: compileSnippet
  api=0 type=1 insize=111512 outsize=6 kw=DIRECTIONAL SHADOWS_OFF LIGHTMAP_OFF DIRLIGHTMAP_OFF LUX_LINEAR LUX_LIGHTING_BP DIFFCUBE_ON SPECCUBE_ON ok=1
Cmd: compileSnippet
  api=0 type=0 insize=64341 outsize=4210 kw=POINT LUX_LINEAR LUX_LIGHTING_BP DIFFCUBE_ON SPECCUBE_ON ok=1
Cmd: compileSnippet
  api=0 type=1 insize=64341 outsize=6 kw=POINT LUX_LINEAR LUX_LIGHTING_BP DIFFCUBE_ON SPECCUBE_ON ok=1
Cmd: compileSnippet
  api=0 type=0 insize=63449 outsize=3300 kw=LUX_LINEAR LUX_LIGHTING_BP DIFFCUBE_ON SPECCUBE_ON ok=1
Cmd: compileSnippet
  api=0 type=1 insize=63449 outsize=6 kw=LUX_LINEAR LUX_LIGHTING_BP DIFFCUBE_ON SPECCUBE_ON ok=1
Cmd: compileSnippet
  api=0 type=0 insize=100807 outsize=5696 kw=LIGHTMAP_OFF DIRLIGHTMAP_OFF LUX_LINEAR LUX_LIGHTING_BP DIFFCUBE_ON SPECCUBE_ON HDR_LIGHT_PREPASS_OFF ok=1
Cmd: compileSnippet
  api=0 type=1 insize=100807 outsize=6 kw=LIGHTMAP_OFF DIRLIGHTMAP_OFF LUX_LINEAR LUX_LIGHTING_BP DIFFCUBE_ON SPECCUBE_ON HDR_LIGHT_PREPASS_OFF ok=1
Cmd: preprocess
  insize=3878 outsize=2185 ok=1
Cmd: compileSnippet
  api=0 type=0 insize=252391 outsize=8027 kw=DIRECTIONAL SHADOWS_OFF LIGHTMAP_OFF DIRLIGHTMAP_OFF LUX_LINEAR LUX_LIGHTING_BP DIFFCUBE_ON SPECCUBE_ON LUX_AO_OFF ok=1
Cmd: compileSnippet
  api=0 type=1 insize=252391 outsize=6 kw=DIRECTIONAL SHADOWS_OFF LIGHTMAP_OFF DIRLIGHTMAP_OFF LUX_LINEAR LUX_LIGHTING_BP DIFFCUBE_ON SPECCUBE_ON LUX_AO_OFF ok=1
Cmd: compileSnippet
  api=0 type=0 insize=156272 outsize=6154 kw=POINT LUX_LINEAR LUX_LIGHTING_BP DIFFCUBE_ON SPECCUBE_ON LUX_AO_OFF ok=1
Cmd: compileSnippet
  api=0 type=1 insize=156272 outsize=6 kw=POINT LUX_LINEAR LUX_LIGHTING_BP DIFFCUBE_ON SPECCUBE_ON LUX_AO_OFF ok=1
Cmd: compileSnippet
  api=0 type=0 insize=154517 outsize=5140 kw=LUX_LINEAR LUX_LIGHTING_BP DIFFCUBE_ON SPECCUBE_ON LUX_AO_OFF ok=1
Cmd: compileSnippet
  api=0 type=1 insize=154517 outsize=6 kw=LUX_LINEAR LUX_LIGHTING_BP DIFFCUBE_ON SPECCUBE_ON LUX_AO_OFF ok=1
Cmd: compileSnippet
  api=0 type=0 insize=230639 outsize=7624 kw=LIGHTMAP_OFF DIRLIGHTMAP_OFF LUX_LINEAR LUX_LIGHTING_BP DIFFCUBE_ON SPECCUBE_ON LUX_AO_OFF HDR_LIGHT_PREPASS_OFF ok=1
Cmd: compileSnippet
  api=0 type=1 insize=230639 outsize=6 kw=LIGHTMAP_OFF DIRLIGHTMAP_OFF LUX_LINEAR LUX_LIGHTING_BP DIFFCUBE_ON SPECCUBE_ON LUX_AO_OFF HDR_LIGHT_PREPASS_OFF ok=1
Cmd: preprocess
  insize=3640 outsize=2056 ok=1
Cmd: compileSnippet
  api=0 type=0 insize=246391 outsize=7449 kw=DIRECTIONAL SHADOWS_OFF LIGHTMAP_OFF DIRLIGHTMAP_OFF LUX_LINEAR LUX_LIGHTING_BP DIFFCUBE_ON SPECCUBE_ON LUX_AO_OFF ok=1
Cmd: compileSnippet
  api=0 type=1 insize=246391 outsize=6 kw=DIRECTIONAL SHADOWS_OFF LIGHTMAP_OFF DIRLIGHTMAP_OFF LUX_LINEAR LUX_LIGHTING_BP DIFFCUBE_ON SPECCUBE_ON LUX_AO_OFF ok=1
Cmd: compileSnippet
  api=0 type=0 insize=152720 outsize=5562 kw=POINT LUX_LINEAR LUX_LIGHTING_BP DIFFCUBE_ON SPECCUBE_ON LUX_AO_OFF ok=1
Cmd: compileSnippet
  api=0 type=1 insize=152720 outsize=6 kw=POINT LUX_LINEAR LUX_LIGHTING_BP DIFFCUBE_ON SPECCUBE_ON LUX_AO_OFF ok=1
Cmd: compileSnippet
  api=0 type=0 insize=153717 outsize=4798 kw=LUX_LINEAR LUX_LIGHTING_BP DIFFCUBE_ON SPECCUBE_ON LUX_AO_OFF ok=1
Cmd: compileSnippet
  api=0 type=1 insize=153717 outsize=6 kw=LUX_LINEAR LUX_LIGHTING_BP DIFFCUBE_ON SPECCUBE_ON LUX_AO_OFF ok=1
Cmd: compileSnippet
  api=0 type=0 insize=225567 outsize=7050 kw=LIGHTMAP_OFF DIRLIGHTMAP_OFF LUX_LINEAR LUX_LIGHTING_BP DIFFCUBE_ON SPECCUBE_ON LUX_AO_OFF HDR_LIGHT_PREPASS_OFF ok=1
Cmd: compileSnippet
  api=0 type=1 insize=225567 outsize=6 kw=LIGHTMAP_OFF DIRLIGHTMAP_OFF LUX_LINEAR LUX_LIGHTING_BP DIFFCUBE_ON SPECCUBE_ON LUX_AO_OFF HDR_LIGHT_PREPASS_OFF ok=1
Cmd: preprocess
  insize=2878 outsize=2013 ok=1
Cmd: compileSnippet
  api=0 type=0 insize=229287 outsize=6349 kw=DIRECTIONAL SHADOWS_OFF LIGHTMAP_OFF DIRLIGHTMAP_OFF LUX_LINEAR LUX_LIGHTING_BP DIFFCUBE_ON SPECCUBE_ON LUX_AO_OFF ok=1
Cmd: compileSnippet
  api=0 type=1 insize=229287 outsize=6 kw=DIRECTIONAL SHADOWS_OFF LIGHTMAP_OFF DIRLIGHTMAP_OFF LUX_LINEAR LUX_LIGHTING_BP DIFFCUBE_ON SPECCUBE_ON LUX_AO_OFF ok=1
Cmd: compileSnippet
  api=0 type=0 insize=132752 outsize=4279 kw=POINT LUX_LINEAR LUX_LIGHTING_BP DIFFCUBE_ON SPECCUBE_ON LUX_AO_OFF ok=1
Cmd: compileSnippet
  api=0 type=1 insize=132752 outsize=6 kw=POINT LUX_LINEAR LUX_LIGHTING_BP DIFFCUBE_ON SPECCUBE_ON LUX_AO_OFF ok=1
Cmd: compileSnippet
  api=0 type=0 insize=130869 outsize=3367 kw=LUX_LINEAR LUX_LIGHTING_BP DIFFCUBE_ON SPECCUBE_ON LUX_AO_OFF ok=1
Cmd: compileSnippet
  api=0 type=1 insize=130869 outsize=6 kw=LUX_LINEAR LUX_LIGHTING_BP DIFFCUBE_ON SPECCUBE_ON LUX_AO_OFF ok=1
Cmd: compileSnippet
  api=0 type=0 insize=206451 outsize=5926 kw=LIGHTMAP_OFF DIRLIGHTMAP_OFF LUX_LINEAR LUX_LIGHTING_BP DIFFCUBE_ON SPECCUBE_ON LUX_AO_OFF HDR_LIGHT_PREPASS_OFF ok=1
Cmd: compileSnippet
  api=0 type=1 insize=206451 outsize=6 kw=LIGHTMAP_OFF DIRLIGHTMAP_OFF LUX_LINEAR LUX_LIGHTING_BP DIFFCUBE_ON SPECCUBE_ON LUX_AO_OFF HDR_LIGHT_PREPASS_OFF ok=1
Cmd: preprocess
  insize=7773 outsize=2472 ok=1
Cmd: compileSnippet
  api=0 type=0 insize=91755 outsize=7709 kw=DIRECTIONAL SHADOWS_OFF LIGHTMAP_OFF DIRLIGHTMAP_OFF LUX_LINEAR DIFFCUBE_ON SPECCUBE_ON ok=1
Cmd: compileSnippet
  api=0 type=1 insize=91755 outsize=6 kw=DIRECTIONAL SHADOWS_OFF LIGHTMAP_OFF DIRLIGHTMAP_OFF LUX_LINEAR DIFFCUBE_ON SPECCUBE_ON ok=1
Cmd: compileSnippet
  api=0 type=0 insize=66556 outsize=5343 kw=POINT SHADOWS_OFF LUX_LINEAR DIFFCUBE_ON SPECCUBE_ON ok=1
Cmd: compileSnippet
  api=0 type=1 insize=66556 outsize=6 kw=POINT SHADOWS_OFF LUX_LINEAR DIFFCUBE_ON SPECCUBE_ON ok=1
Cmd: preprocess
  insize=8132 outsize=2267 ok=1
Cmd: compileSnippet
  api=0 type=0 insize=887 outsize=365 kw= ok=1
Cmd: compileSnippet
  api=0 type=1 insize=887 outsize=227 kw= ok=1
Cmd: compileSnippet
  api=0 type=0 insize=636 outsize=281 kw= ok=1
Cmd: compileSnippet
  api=0 type=1 insize=636 outsize=92 kw= ok=1
Cmd: compileSnippet
  api=0 type=0 insize=637 outsize=281 kw= ok=1
Cmd: compileSnippet
  api=0 type=1 insize=637 outsize=92 kw= ok=1
Cmd: compileSnippet
  api=0 type=0 insize=889 outsize=365 kw= ok=1
Cmd: compileSnippet
  api=0 type=1 insize=889 outsize=227 kw= ok=1
Cmd: compileSnippet
  api=0 type=0 insize=746 outsize=1163 kw= ok=1
Cmd: compileSnippet
  api=0 type=1 insize=746 outsize=92 kw= ok=1
Cmd: compileSnippet
  api=0 type=0 insize=906 outsize=1610 kw= ok=1
Cmd: compileSnippet
  api=0 type=1 insize=906 outsize=202 kw= ok=1
Cmd: compileSnippet
  api=0 type=0 insize=771 outsize=570 kw= ok=1
Cmd: compileSnippet
  api=0 type=1 insize=771 outsize=92 kw= ok=1
Cmd: compileSnippet
  api=0 type=0 insize=968 outsize=617 kw= ok=1
Cmd: compileSnippet
  api=0 type=1 insize=968 outsize=202 kw= ok=1
Cmd: compileSnippet
  api=0 type=0 insize=902 outsize=765 kw= ok=1
Cmd: compileSnippet
  api=0 type=1 insize=902 outsize=198 kw= ok=1
Cmd: compileSnippet
  api=0 type=0 insize=970 outsize=1688 kw= ok=1
Cmd: compileSnippet
  api=0 type=1 insize=970 outsize=242 kw= ok=1
Cmd: compileSnippet
  api=0 type=0 insize=919 outsize=1520 kw= ok=1
Cmd: compileSnippet
  api=0 type=1 insize=919 outsize=242 kw= ok=1
Cmd: preprocess
  insize=2441 outsize=1488 ok=1
Cmd: compileSnippet
  api=0 type=0 insize=218924 outsize=6057 kw=DIRECTIONAL LIGHTMAP_OFF DIRLIGHTMAP_OFF LUX_LINEAR LUX_LIGHTING_BP DIFFCUBE_ON SPECCUBE_ON LUX_AO_OFF ok=1
Cmd: compileSnippet
  api=0 type=1 insize=218924 outsize=6 kw=DIRECTIONAL LIGHTMAP_OFF DIRLIGHTMAP_OFF LUX_LINEAR LUX_LIGHTING_BP DIFFCUBE_ON SPECCUBE_ON LUX_AO_OFF ok=1
Cmd: compileSnippet
  api=0 type=0 insize=122384 outsize=4171 kw=POINT LUX_LINEAR LUX_LIGHTING_BP DIFFCUBE_ON SPECCUBE_ON LUX_AO_OFF ok=1
Cmd: compileSnippet
  api=0 type=1 insize=122384 outsize=6 kw=POINT LUX_LINEAR LUX_LIGHTING_BP DIFFCUBE_ON SPECCUBE_ON LUX_AO_OFF ok=1
Cmd: preprocess
  insize=2566 outsize=1738 ok=1
Cmd: compileSnippet
  api=0 type=0 insize=224735 outsize=5991 kw=DIRECTIONAL SHADOWS_OFF LIGHTMAP_OFF DIRLIGHTMAP_OFF LUX_LINEAR LUX_LIGHTING_BP DIFFCUBE_ON SPECCUBE_ON LUX_AO_OFF ok=1
Cmd: compileSnippet
  api=0 type=1 insize=224735 outsize=6 kw=DIRECTIONAL SHADOWS_OFF LIGHTMAP_OFF DIRLIGHTMAP_OFF LUX_LINEAR LUX_LIGHTING_BP DIFFCUBE_ON SPECCUBE_ON LUX_AO_OFF ok=1
Cmd: compileSnippet
  api=0 type=0 insize=128592 outsize=4118 kw=POINT LUX_LINEAR LUX_LIGHTING_BP DIFFCUBE_ON SPECCUBE_ON LUX_AO_OFF ok=1
Cmd: compileSnippet
  api=0 type=1 insize=128592 outsize=6 kw=POINT LUX_LINEAR LUX_LIGHTING_BP DIFFCUBE_ON SPECCUBE_ON LUX_AO_OFF ok=1
Cmd: compileSnippet
  api=0 type=0 insize=126837 outsize=3165 kw=LUX_LINEAR LUX_LIGHTING_BP DIFFCUBE_ON SPECCUBE_ON LUX_AO_OFF ok=1
Cmd: compileSnippet
  api=0 type=1 insize=126837 outsize=6 kw=LUX_LINEAR LUX_LIGHTING_BP DIFFCUBE_ON SPECCUBE_ON LUX_AO_OFF ok=1
Cmd: compileSnippet
  api=0 type=0 insize=202983 outsize=5592 kw=LIGHTMAP_OFF DIRLIGHTMAP_OFF LUX_LINEAR LUX_LIGHTING_BP DIFFCUBE_ON SPECCUBE_ON LUX_AO_OFF HDR_LIGHT_PREPASS_OFF ok=1
Cmd: compileSnippet
  api=0 type=1 insize=202983 outsize=6 kw=LIGHTMAP_OFF DIRLIGHTMAP_OFF LUX_LINEAR LUX_LIGHTING_BP DIFFCUBE_ON SPECCUBE_ON LUX_AO_OFF HDR_LIGHT_PREPASS_OFF ok=1
Cmd: compileSnippet
  api=0 type=0 insize=216167 outsize=5777 kw=DIRECTIONAL SHADOWS_OFF LIGHTMAP_OFF DIRLIGHTMAP_OFF LUX_GAMMA LUX_LIGHTING_BP DIFFCUBE_ON SPECCUBE_ON LUX_AO_OFF ok=1
Cmd: compileSnippet
  api=0 type=1 insize=216167 outsize=6 kw=DIRECTIONAL SHADOWS_OFF LIGHTMAP_OFF DIRLIGHTMAP_OFF LUX_GAMMA LUX_LIGHTING_BP DIFFCUBE_ON SPECCUBE_ON LUX_AO_OFF ok=1
Cmd: compileSnippet
  api=0 type=0 insize=120048 outsize=3362 kw=DIRECTIONAL LUX_GAMMA LUX_LIGHTING_BP DIFFCUBE_ON SPECCUBE_ON LUX_AO_OFF ok=1
Cmd: compileSnippet
  api=0 type=1 insize=120048 outsize=6 kw=DIRECTIONAL LUX_GAMMA LUX_LIGHTING_BP DIFFCUBE_ON SPECCUBE_ON LUX_AO_OFF ok=1
Cmd: compileSnippet
  api=0 type=0 insize=43530 outsize=3002 kw=DIRECTIONAL SHADOWS_OFF LIGHTMAP_OFF DIRLIGHTMAP_OFF LUX_GAMMA DIFFCUBE_ON LUX_AO_OFF ok=1
Cmd: compileSnippet
  api=0 type=1 insize=43530 outsize=6 kw=DIRECTIONAL SHADOWS_OFF LIGHTMAP_OFF DIRLIGHTMAP_OFF LUX_GAMMA DIFFCUBE_ON LUX_AO_OFF ok=1
Cmd: compileSnippet
  api=0 type=0 insize=23627 outsize=1694 kw=DIRECTIONAL LUX_GAMMA DIFFCUBE_ON LUX_AO_OFF ok=1
Cmd: compileSnippet
  api=0 type=1 insize=23627 outsize=6 kw=DIRECTIONAL LUX_GAMMA DIFFCUBE_ON LUX_AO_OFF ok=1
Cmd: preprocess
  insize=2512 outsize=1730 ok=1
Cmd: compileSnippet
  api=0 type=0 insize=223207 outsize=5998 kw=DIRECTIONAL SHADOWS_OFF LIGHTMAP_OFF DIRLIGHTMAP_OFF LUX_LINEAR LUX_LIGHTING_BP DIFFCUBE_ON SPECCUBE_ON LUX_AO_OFF ok=1
Cmd: compileSnippet
  api=0 type=1 insize=223207 outsize=6 kw=DIRECTIONAL SHADOWS_OFF LIGHTMAP_OFF DIRLIGHTMAP_OFF LUX_LINEAR LUX_LIGHTING_BP DIFFCUBE_ON SPECCUBE_ON LUX_AO_OFF ok=1
Cmd: compileSnippet
  api=0 type=0 insize=127088 outsize=4125 kw=POINT LUX_LINEAR LUX_LIGHTING_BP DIFFCUBE_ON SPECCUBE_ON LUX_AO_OFF ok=1
Cmd: compileSnippet
  api=0 type=1 insize=127088 outsize=6 kw=POINT LUX_LINEAR LUX_LIGHTING_BP DIFFCUBE_ON SPECCUBE_ON LUX_AO_OFF ok=1
Cmd: compileSnippet
  api=0 type=0 insize=125333 outsize=3172 kw=LUX_LINEAR LUX_LIGHTING_BP DIFFCUBE_ON SPECCUBE_ON LUX_AO_OFF ok=1
Cmd: compileSnippet
  api=0 type=1 insize=125333 outsize=6 kw=LUX_LINEAR LUX_LIGHTING_BP DIFFCUBE_ON SPECCUBE_ON LUX_AO_OFF ok=1
Cmd: compileSnippet
  api=0 type=0 insize=201455 outsize=5596 kw=LIGHTMAP_OFF DIRLIGHTMAP_OFF LUX_LINEAR LUX_LIGHTING_BP DIFFCUBE_ON SPECCUBE_ON LUX_AO_OFF HDR_LIGHT_PREPASS_OFF ok=1
Cmd: compileSnippet
  api=0 type=1 insize=201455 outsize=6 kw=LIGHTMAP_OFF DIRLIGHTMAP_OFF LUX_LINEAR LUX_LIGHTING_BP DIFFCUBE_ON SPECCUBE_ON LUX_AO_OFF HDR_LIGHT_PREPASS_OFF ok=1
Cmd: preprocess
  insize=2824 outsize=1675 ok=1
Cmd: compileSnippet
  api=0 type=0 insize=116216 outsize=6103 kw=DIRECTIONAL SHADOWS_OFF LIGHTMAP_OFF DIRLIGHTMAP_OFF LUX_LINEAR LUX_LIGHTING_BP DIFFCUBE_ON SPECCUBE_ON ok=1
Cmd: compileSnippet
  api=0 type=1 insize=116216 outsize=6 kw=DIRECTIONAL SHADOWS_OFF LIGHTMAP_OFF DIRLIGHTMAP_OFF LUX_LINEAR LUX_LIGHTING_BP DIFFCUBE_ON SPECCUBE_ON ok=1
Cmd: compileSnippet
  api=0 type=0 insize=69045 outsize=4217 kw=POINT LUX_LINEAR LUX_LIGHTING_BP DIFFCUBE_ON SPECCUBE_ON ok=1
Cmd: compileSnippet
  api=0 type=1 insize=69045 outsize=6 kw=POINT LUX_LINEAR LUX_LIGHTING_BP DIFFCUBE_ON SPECCUBE_ON ok=1
Cmd: compileSnippet
  api=0 type=0 insize=68153 outsize=3307 kw=LUX_LINEAR LUX_LIGHTING_BP DIFFCUBE_ON SPECCUBE_ON ok=1
Cmd: compileSnippet
  api=0 type=1 insize=68153 outsize=6 kw=LUX_LINEAR LUX_LIGHTING_BP DIFFCUBE_ON SPECCUBE_ON ok=1
Cmd: compileSnippet
  api=0 type=0 insize=105511 outsize=5701 kw=LIGHTMAP_OFF DIRLIGHTMAP_OFF LUX_LINEAR LUX_LIGHTING_BP DIFFCUBE_ON SPECCUBE_ON HDR_LIGHT_PREPASS_OFF ok=1
Cmd: compileSnippet
  api=0 type=1 insize=105511 outsize=6 kw=LIGHTMAP_OFF DIRLIGHTMAP_OFF LUX_LINEAR LUX_LIGHTING_BP DIFFCUBE_ON SPECCUBE_ON HDR_LIGHT_PREPASS_OFF ok=1
Cmd: preprocess
  insize=11302 outsize=954 ok=1
Cmd: compileSnippet
  api=0 type=0 insize=10316 outsize=671 kw=POINT SHADOWS_OFF LUX_LIGHTING_CT ok=1
Cmd: compileSnippet
  api=0 type=1 insize=10316 outsize=1967 kw=POINT SHADOWS_OFF LUX_LIGHTING_CT ok=1
Cmd: compileSnippet
  api=0 type=0 insize=10310 outsize=671 kw=POINT SHADOWS_OFF LUX_LIGHTING_CT ok=1
Cmd: compileSnippet
  api=0 type=1 insize=10310 outsize=1869 kw=POINT SHADOWS_OFF LUX_LIGHTING_CT ok=1
Cmd: compileSnippet
  api=0 type=0 insize=10315 outsize=671 kw=POINT SHADOWS_OFF LUX_LIGHTING_BP ok=1
Cmd: compileSnippet
  api=0 type=1 insize=10315 outsize=1805 kw=POINT SHADOWS_OFF LUX_LIGHTING_BP ok=1
Cmd: preprocess
  insize=1106 outsize=446 ok=1
Cmd: compileSnippet
  api=0 type=0 insize=962 outsize=406 kw= ok=1
Cmd: compileSnippet
  api=0 type=1 insize=962 outsize=193 kw= ok=1
Cmd: preprocess
  insize=8938 outsize=2377 ok=1
Cmd: compileSnippet
  api=0 type=0 insize=878 outsize=682 kw= ok=1
Cmd: compileSnippet
  api=0 type=1 insize=878 outsize=551 kw= ok=1
Cmd: preprocess
  insize=2979 outsize=1917 ok=1
Cmd: compileSnippet
  api=0 type=0 insize=232199 outsize=6249 kw=DIRECTIONAL SHADOWS_OFF LIGHTMAP_OFF DIRLIGHTMAP_OFF LUX_LINEAR LUX_LIGHTING_BP DIFFCUBE_ON SPECCUBE_ON LUX_AO_OFF ok=1
Cmd: compileSnippet
  api=0 type=1 insize=232199 outsize=6 kw=DIRECTIONAL SHADOWS_OFF LIGHTMAP_OFF DIRLIGHTMAP_OFF LUX_LINEAR LUX_LIGHTING_BP DIFFCUBE_ON SPECCUBE_ON LUX_AO_OFF ok=1
Cmd: compileSnippet
  api=0 type=0 insize=136080 outsize=4376 kw=POINT LUX_LINEAR LUX_LIGHTING_BP DIFFCUBE_ON SPECCUBE_ON LUX_AO_OFF ok=1
Cmd: compileSnippet
  api=0 type=1 insize=136080 outsize=6 kw=POINT LUX_LINEAR LUX_LIGHTING_BP DIFFCUBE_ON SPECCUBE_ON LUX_AO_OFF ok=1
Cmd: compileSnippet
  api=0 type=0 insize=134325 outsize=3413 kw=LUX_LINEAR LUX_LIGHTING_BP DIFFCUBE_ON SPECCUBE_ON LUX_AO_OFF ok=1
Cmd: compileSnippet
  api=0 type=1 insize=134325 outsize=6 kw=LUX_LINEAR LUX_LIGHTING_BP DIFFCUBE_ON SPECCUBE_ON LUX_AO_OFF ok=1
Cmd: compileSnippet
  api=0 type=0 insize=210447 outsize=5842 kw=LIGHTMAP_OFF DIRLIGHTMAP_OFF LUX_LINEAR LUX_LIGHTING_BP DIFFCUBE_ON SPECCUBE_ON LUX_AO_OFF HDR_LIGHT_PREPASS_OFF ok=1
Cmd: compileSnippet
  api=0 type=1 insize=210447 outsize=6 kw=LIGHTMAP_OFF DIRLIGHTMAP_OFF LUX_LINEAR LUX_LIGHTING_BP DIFFCUBE_ON SPECCUBE_ON LUX_AO_OFF HDR_LIGHT_PREPASS_OFF ok=1
Cmd: preprocess
  insize=1386 outsize=1437 ok=1
Cmd: compileSnippet
  api=0 type=0 insize=43354 outsize=3107 kw=DIRECTIONAL SHADOWS_OFF LIGHTMAP_OFF DIRLIGHTMAP_OFF LUX_LINEAR DIFFCUBE_ON LUX_AO_OFF ok=1
Cmd: compileSnippet
  api=0 type=1 insize=43354 outsize=6 kw=DIRECTIONAL SHADOWS_OFF LIGHTMAP_OFF DIRLIGHTMAP_OFF LUX_LINEAR DIFFCUBE_ON LUX_AO_OFF ok=1
Cmd: compileSnippet
  api=0 type=0 insize=23451 outsize=2360 kw=POINT LUX_LINEAR DIFFCUBE_ON LUX_AO_OFF ok=1
Cmd: compileSnippet
  api=0 type=1 insize=23451 outsize=6 kw=POINT LUX_LINEAR DIFFCUBE_ON LUX_AO_OFF ok=1
Cmd: compileSnippet
  api=0 type=0 insize=23431 outsize=2217 kw=LUX_LINEAR DIFFCUBE_ON LUX_AO_OFF ok=1
Cmd: compileSnippet
  api=0 type=1 insize=23431 outsize=6 kw=LUX_LINEAR DIFFCUBE_ON LUX_AO_OFF ok=1
Cmd: compileSnippet
  api=0 type=0 insize=39401 outsize=3133 kw=LIGHTMAP_OFF DIRLIGHTMAP_OFF LUX_LINEAR DIFFCUBE_ON LUX_AO_OFF HDR_LIGHT_PREPASS_OFF ok=1
Cmd: compileSnippet
  api=0 type=1 insize=39401 outsize=6 kw=LIGHTMAP_OFF DIRLIGHTMAP_OFF LUX_LINEAR DIFFCUBE_ON LUX_AO_OFF HDR_LIGHT_PREPASS_OFF ok=1
Cmd: preprocess
  insize=8132 outsize=2267 ok=1
Cmd: compileSnippet
  api=0 type=0 insize=223207 outsize=5784 kw=DIRECTIONAL SHADOWS_OFF LIGHTMAP_OFF DIRLIGHTMAP_OFF LUX_GAMMA LUX_LIGHTING_BP DIFFCUBE_ON SPECCUBE_ON LUX_AO_OFF ok=1
Cmd: compileSnippet
  api=0 type=1 insize=223207 outsize=6 kw=DIRECTIONAL SHADOWS_OFF LIGHTMAP_OFF DIRLIGHTMAP_OFF LUX_GAMMA LUX_LIGHTING_BP DIFFCUBE_ON SPECCUBE_ON LUX_AO_OFF ok=1
Cmd: compileSnippet
  api=0 type=0 insize=127088 outsize=3369 kw=DIRECTIONAL LUX_GAMMA LUX_LIGHTING_BP DIFFCUBE_ON SPECCUBE_ON LUX_AO_OFF ok=1
Cmd: compileSnippet
  api=0 type=1 insize=127088 outsize=6 kw=DIRECTIONAL LUX_GAMMA LUX_LIGHTING_BP DIFFCUBE_ON SPECCUBE_ON LUX_AO_OFF ok=1
Cmd: compileSnippet
  api=0 type=0 insize=116216 outsize=5889 kw=DIRECTIONAL SHADOWS_OFF LIGHTMAP_OFF DIRLIGHTMAP_OFF LUX_GAMMA LUX_LIGHTING_BP DIFFCUBE_ON SPECCUBE_ON ok=1
Cmd: compileSnippet
  api=0 type=1 insize=116216 outsize=6 kw=DIRECTIONAL SHADOWS_OFF LIGHTMAP_OFF DIRLIGHTMAP_OFF LUX_GAMMA LUX_LIGHTING_BP DIFFCUBE_ON SPECCUBE_ON ok=1
Cmd: compileSnippet
  api=0 type=0 insize=69045 outsize=3459 kw=DIRECTIONAL LUX_GAMMA LUX_LIGHTING_BP DIFFCUBE_ON SPECCUBE_ON ok=1
Cmd: compileSnippet
  api=0 type=1 insize=69045 outsize=6 kw=DIRECTIONAL LUX_GAMMA LUX_LIGHTING_BP DIFFCUBE_ON SPECCUBE_ON ok=1
Cmd: compileSnippet
  api=0 type=0 insize=232199 outsize=6240 kw=DIRECTIONAL SHADOWS_OFF LIGHTMAP_OFF DIRLIGHTMAP_OFF LUX_GAMMA LUX_LIGHTING_BP DIFFCUBE_ON SPECCUBE_ON LUX_AO_ON ok=1
Cmd: compileSnippet
  api=0 type=1 insize=232199 outsize=6 kw=DIRECTIONAL SHADOWS_OFF LIGHTMAP_OFF DIRLIGHTMAP_OFF LUX_GAMMA LUX_LIGHTING_BP DIFFCUBE_ON SPECCUBE_ON LUX_AO_ON ok=1
Cmd: compileSnippet
  api=0 type=0 insize=136080 outsize=3620 kw=DIRECTIONAL LUX_GAMMA LUX_LIGHTING_BP DIFFCUBE_ON SPECCUBE_ON LUX_AO_ON ok=1
Cmd: compileSnippet
  api=0 type=1 insize=136080 outsize=6 kw=DIRECTIONAL LUX_GAMMA LUX_LIGHTING_BP DIFFCUBE_ON SPECCUBE_ON LUX_AO_ON ok=1
Cmd: compileSnippet
  api=0 type=0 insize=223207 outsize=6216 kw=DIRECTIONAL SHADOWS_OFF LIGHTMAP_OFF DIRLIGHTMAP_OFF LUX_GAMMA LUX_LIGHTING_BP SPECCUBE_ON LUX_AO_OFF DIFFCUBE_OFF ok=1
Cmd: compileSnippet
  api=0 type=1 insize=223207 outsize=6 kw=DIRECTIONAL SHADOWS_OFF LIGHTMAP_OFF DIRLIGHTMAP_OFF LUX_GAMMA LUX_LIGHTING_BP SPECCUBE_ON LUX_AO_OFF DIFFCUBE_OFF ok=1
Cmd: compileSnippet
  api=0 type=0 insize=127088 outsize=3369 kw=DIRECTIONAL LUX_GAMMA LUX_LIGHTING_BP SPECCUBE_ON LUX_AO_OFF DIFFCUBE_OFF ok=1
Cmd: compileSnippet
  api=0 type=1 insize=127088 outsize=6 kw=DIRECTIONAL LUX_GAMMA LUX_LIGHTING_BP SPECCUBE_ON LUX_AO_OFF DIFFCUBE_OFF ok=1
Cmd: compileSnippet
  api=0 type=0 insize=43354 outsize=2553 kw=DIRECTIONAL SHADOWS_OFF LIGHTMAP_OFF DIRLIGHTMAP_OFF LUX_GAMMA LUX_AO_OFF DIFFCUBE_OFF ok=1
Cmd: compileSnippet
  api=0 type=1 insize=43354 outsize=6 kw=DIRECTIONAL SHADOWS_OFF LIGHTMAP_OFF DIRLIGHTMAP_OFF LUX_GAMMA LUX_AO_OFF DIFFCUBE_OFF ok=1
Cmd: compileSnippet
  api=0 type=0 insize=23451 outsize=1694 kw=DIRECTIONAL LUX_GAMMA LUX_AO_OFF DIFFCUBE_OFF ok=1
Cmd: compileSnippet
  api=0 type=1 insize=23451 outsize=6 kw=DIRECTIONAL LUX_GAMMA LUX_AO_OFF DIFFCUBE_OFF ok=1
Cmd: compileSnippet
  api=0 type=0 insize=43354 outsize=3002 kw=DIRECTIONAL SHADOWS_OFF LIGHTMAP_OFF DIRLIGHTMAP_OFF LUX_GAMMA DIFFCUBE_ON LUX_AO_OFF ok=1
Cmd: compileSnippet
  api=0 type=1 insize=43354 outsize=6 kw=DIRECTIONAL SHADOWS_OFF LIGHTMAP_OFF DIRLIGHTMAP_OFF LUX_GAMMA DIFFCUBE_ON LUX_AO_OFF ok=1
Cmd: compileSnippet
  api=0 type=0 insize=23451 outsize=1694 kw=DIRECTIONAL LUX_GAMMA DIFFCUBE_ON LUX_AO_OFF ok=1
Cmd: compileSnippet
  api=0 type=1 insize=23451 outsize=6 kw=DIRECTIONAL LUX_GAMMA DIFFCUBE_ON LUX_AO_OFF ok=1
Cmd: compileSnippet
  api=0 type=0 insize=223207 outsize=4062 kw=DIRECTIONAL SHADOWS_OFF LIGHTMAP_OFF DIRLIGHTMAP_OFF LUX_GAMMA LUX_LIGHTING_BP DIFFCUBE_ON LUX_AO_OFF SPECCUBE_OFF ok=1
Cmd: compileSnippet
  api=0 type=1 insize=223207 outsize=6 kw=DIRECTIONAL SHADOWS_OFF LIGHTMAP_OFF DIRLIGHTMAP_OFF LUX_GAMMA LUX_LIGHTING_BP DIFFCUBE_ON LUX_AO_OFF SPECCUBE_OFF ok=1
Cmd: compileSnippet
  api=0 type=0 insize=127088 outsize=2762 kw=DIRECTIONAL LUX_GAMMA LUX_LIGHTING_BP DIFFCUBE_ON LUX_AO_OFF SPECCUBE_OFF ok=1
Cmd: compileSnippet
  api=0 type=1 insize=127088 outsize=6 kw=DIRECTIONAL LUX_GAMMA LUX_LIGHTING_BP DIFFCUBE_ON LUX_AO_OFF SPECCUBE_OFF ok=1
Cmd: compileSnippet
  api=0 type=0 insize=223207 outsize=5989 kw=DIRECTIONAL SHADOWS_OFF LIGHTMAP_OFF DIRLIGHTMAP_OFF LUX_GAMMA LUX_LIGHTING_BP DIFFCUBE_ON SPECCUBE_ON LUX_AO_ON ok=1
Cmd: compileSnippet
  api=0 type=1 insize=223207 outsize=6 kw=DIRECTIONAL SHADOWS_OFF LIGHTMAP_OFF DIRLIGHTMAP_OFF LUX_GAMMA LUX_LIGHTING_BP DIFFCUBE_ON SPECCUBE_ON LUX_AO_ON ok=1
Cmd: compileSnippet
  api=0 type=0 insize=127088 outsize=3369 kw=DIRECTIONAL LUX_GAMMA LUX_LIGHTING_BP DIFFCUBE_ON SPECCUBE_ON LUX_AO_ON ok=1
Cmd: compileSnippet
  api=0 type=1 insize=127088 outsize=6 kw=DIRECTIONAL LUX_GAMMA LUX_LIGHTING_BP DIFFCUBE_ON SPECCUBE_ON LUX_AO_ON ok=1
Cmd: preprocess
  insize=2512 outsize=1730 ok=1
Cmd: preprocess
  insize=2824 outsize=1675 ok=1
Cmd: preprocess
  insize=11302 outsize=954 ok=1
Cmd: preprocess
  insize=1106 outsize=446 ok=1
Cmd: preprocess
  insize=8938 outsize=2377 ok=1
Cmd: preprocess
  insize=2979 outsize=1917 ok=1
Cmd: preprocess
  insize=1386 outsize=1437 ok=1
Cmd: preprocess
  insize=8132 outsize=2267 ok=1
Cmd: compileSnippet
  api=0 type=0 insize=223207 outsize=4466 kw=DIRECTIONAL SHADOWS_OFF LIGHTMAP_ON DIRLIGHTMAP_OFF LUX_GAMMA LUX_LIGHTING_BP SPECCUBE_ON LUX_AO_OFF DIFFCUBE_OFF ok=1
Cmd: compileSnippet
  api=0 type=1 insize=223207 outsize=6 kw=DIRECTIONAL SHADOWS_OFF LIGHTMAP_ON DIRLIGHTMAP_OFF LUX_GAMMA LUX_LIGHTING_BP SPECCUBE_ON LUX_AO_OFF DIFFCUBE_OFF ok=1
Cmd: compileSnippet
  api=0 type=0 insize=43354 outsize=1228 kw=DIRECTIONAL SHADOWS_OFF LIGHTMAP_ON DIRLIGHTMAP_OFF LUX_GAMMA LUX_AO_OFF DIFFCUBE_OFF ok=1
Cmd: compileSnippet
  api=0 type=1 insize=43354 outsize=6 kw=DIRECTIONAL SHADOWS_OFF LIGHTMAP_ON DIRLIGHTMAP_OFF LUX_GAMMA LUX_AO_OFF DIFFCUBE_OFF ok=1
Cmd: compileSnippet
  api=0 type=0 insize=223207 outsize=6259 kw=DIRECTIONAL SHADOWS_SCREEN LIGHTMAP_OFF DIRLIGHTMAP_OFF LUX_GAMMA LUX_LIGHTING_BP DIFFCUBE_ON SPECCUBE_ON LUX_AO_OFF ok=1
Cmd: compileSnippet
  api=0 type=1 insize=223207 outsize=6 kw=DIRECTIONAL SHADOWS_SCREEN LIGHTMAP_OFF DIRLIGHTMAP_OFF LUX_GAMMA LUX_LIGHTING_BP DIFFCUBE_ON SPECCUBE_ON LUX_AO_OFF ok=1
Cmd: compileSnippet
  api=0 type=0 insize=43354 outsize=1825 kw=DIRECTIONAL SHADOWS_SCREEN LIGHTMAP_ON DIRLIGHTMAP_OFF LUX_GAMMA LUX_AO_OFF DIFFCUBE_OFF ok=1
Cmd: compileSnippet
  api=0 type=1 insize=43354 outsize=6 kw=DIRECTIONAL SHADOWS_SCREEN LIGHTMAP_ON DIRLIGHTMAP_OFF LUX_GAMMA LUX_AO_OFF DIFFCUBE_OFF ok=1
Cmd: compileSnippet
  api=0 type=0 insize=223207 outsize=6691 kw=DIRECTIONAL SHADOWS_SCREEN LIGHTMAP_OFF DIRLIGHTMAP_OFF LUX_GAMMA LUX_LIGHTING_BP SPECCUBE_ON LUX_AO_OFF DIFFCUBE_OFF ok=1
Cmd: compileSnippet
  api=0 type=1 insize=223207 outsize=6 kw=DIRECTIONAL SHADOWS_SCREEN LIGHTMAP_OFF DIRLIGHTMAP_OFF LUX_GAMMA LUX_LIGHTING_BP SPECCUBE_ON LUX_AO_OFF DIFFCUBE_OFF ok=1
Cmd: compileSnippet
  api=0 type=0 insize=223207 outsize=5089 kw=DIRECTIONAL SHADOWS_SCREEN LIGHTMAP_ON DIRLIGHTMAP_OFF LUX_GAMMA LUX_LIGHTING_BP SPECCUBE_ON LUX_AO_OFF DIFFCUBE_OFF ok=1
Cmd: compileSnippet
  api=0 type=1 insize=223207 outsize=6 kw=DIRECTIONAL SHADOWS_SCREEN LIGHTMAP_ON DIRLIGHTMAP_OFF LUX_GAMMA LUX_LIGHTING_BP SPECCUBE_ON LUX_AO_OFF DIFFCUBE_OFF ok=1
Cmd: compileSnippet
  api=0 type=0 insize=223207 outsize=4533 kw=DIRECTIONAL SHADOWS_SCREEN LIGHTMAP_OFF DIRLIGHTMAP_OFF LUX_GAMMA LUX_LIGHTING_BP DIFFCUBE_ON LUX_AO_OFF SPECCUBE_OFF ok=1
Cmd: compileSnippet
  api=0 type=1 insize=223207 outsize=6 kw=DIRECTIONAL SHADOWS_SCREEN LIGHTMAP_OFF DIRLIGHTMAP_OFF LUX_GAMMA LUX_LIGHTING_BP DIFFCUBE_ON LUX_AO_OFF SPECCUBE_OFF ok=1
Cmd: compileSnippet
  api=0 type=0 insize=223207 outsize=6464 kw=DIRECTIONAL SHADOWS_SCREEN LIGHTMAP_OFF DIRLIGHTMAP_OFF LUX_GAMMA LUX_LIGHTING_BP DIFFCUBE_ON SPECCUBE_ON LUX_AO_ON ok=1
Cmd: compileSnippet
  api=0 type=1 insize=223207 outsize=6 kw=DIRECTIONAL SHADOWS_SCREEN LIGHTMAP_OFF DIRLIGHTMAP_OFF LUX_GAMMA LUX_LIGHTING_BP DIFFCUBE_ON SPECCUBE_ON LUX_AO_ON ok=1
Cmd: compileSnippet
  api=0 type=0 insize=116216 outsize=6364 kw=DIRECTIONAL SHADOWS_SCREEN LIGHTMAP_OFF DIRLIGHTMAP_OFF LUX_GAMMA LUX_LIGHTING_BP DIFFCUBE_ON SPECCUBE_ON ok=1
Cmd: compileSnippet
  api=0 type=1 insize=116216 outsize=6 kw=DIRECTIONAL SHADOWS_SCREEN LIGHTMAP_OFF DIRLIGHTMAP_OFF LUX_GAMMA LUX_LIGHTING_BP DIFFCUBE_ON SPECCUBE_ON ok=1
Cmd: compileSnippet
  api=0 type=0 insize=43354 outsize=3469 kw=DIRECTIONAL SHADOWS_SCREEN LIGHTMAP_OFF DIRLIGHTMAP_OFF LUX_GAMMA DIFFCUBE_ON LUX_AO_OFF ok=1
Cmd: compileSnippet
  api=0 type=1 insize=43354 outsize=6 kw=DIRECTIONAL SHADOWS_SCREEN LIGHTMAP_OFF DIRLIGHTMAP_OFF LUX_GAMMA DIFFCUBE_ON LUX_AO_OFF ok=1
Cmd: compileSnippet
  api=0 type=0 insize=232199 outsize=6715 kw=DIRECTIONAL SHADOWS_SCREEN LIGHTMAP_OFF DIRLIGHTMAP_OFF LUX_GAMMA LUX_LIGHTING_BP DIFFCUBE_ON SPECCUBE_ON LUX_AO_ON ok=1
Cmd: compileSnippet
  api=0 type=1 insize=232199 outsize=6 kw=DIRECTIONAL SHADOWS_SCREEN LIGHTMAP_OFF DIRLIGHTMAP_OFF LUX_GAMMA LUX_LIGHTING_BP DIFFCUBE_ON SPECCUBE_ON LUX_AO_ON ok=1
Cmd: compileSnippet
  api=0 type=0 insize=232199 outsize=6510 kw=DIRECTIONAL SHADOWS_SCREEN LIGHTMAP_OFF DIRLIGHTMAP_OFF LUX_GAMMA LUX_LIGHTING_BP DIFFCUBE_ON SPECCUBE_ON LUX_AO_OFF ok=1
Cmd: compileSnippet
  api=0 type=1 insize=232199 outsize=6 kw=DIRECTIONAL SHADOWS_SCREEN LIGHTMAP_OFF DIRLIGHTMAP_OFF LUX_GAMMA LUX_LIGHTING_BP DIFFCUBE_ON SPECCUBE_ON LUX_AO_OFF ok=1
Cmd: compileSnippet
  api=0 type=0 insize=232199 outsize=6035 kw=DIRECTIONAL SHADOWS_OFF LIGHTMAP_OFF DIRLIGHTMAP_OFF LUX_GAMMA LUX_LIGHTING_BP DIFFCUBE_ON SPECCUBE_ON LUX_AO_OFF ok=1
Cmd: compileSnippet
  api=0 type=1 insize=232199 outsize=6 kw=DIRECTIONAL SHADOWS_OFF LIGHTMAP_OFF DIRLIGHTMAP_OFF LUX_GAMMA LUX_LIGHTING_BP DIFFCUBE_ON SPECCUBE_ON LUX_AO_OFF ok=1
Cmd: compileSnippet
  api=0 type=0 insize=136080 outsize=3620 kw=DIRECTIONAL LUX_GAMMA LUX_LIGHTING_BP DIFFCUBE_ON SPECCUBE_ON LUX_AO_OFF ok=1
Cmd: compileSnippet
  api=0 type=1 insize=136080 outsize=6 kw=DIRECTIONAL LUX_GAMMA LUX_LIGHTING_BP DIFFCUBE_ON SPECCUBE_ON LUX_AO_OFF ok=1
Cmd: compileSnippet
  api=0 type=0 insize=223207 outsize=5279 kw=DIRECTIONAL SHADOWS_SCREEN LIGHTMAP_ON DIRLIGHTMAP_OFF LUX_GAMMA SPECCUBE_ON LUX_AO_OFF DIFFCUBE_OFF LUX_LIGHTING_CT ok=1
Cmd: compileSnippet
  api=0 type=1 insize=223207 outsize=6 kw=DIRECTIONAL SHADOWS_SCREEN LIGHTMAP_ON DIRLIGHTMAP_OFF LUX_GAMMA SPECCUBE_ON LUX_AO_OFF DIFFCUBE_OFF LUX_LIGHTING_CT ok=1
Cmd: compileSnippet
  api=0 type=0 insize=223207 outsize=7135 kw=DIRECTIONAL SHADOWS_SCREEN LIGHTMAP_OFF DIRLIGHTMAP_OFF LUX_GAMMA SPECCUBE_ON LUX_AO_OFF DIFFCUBE_OFF LUX_LIGHTING_CT ok=1
Cmd: compileSnippet
  api=0 type=1 insize=223207 outsize=6 kw=DIRECTIONAL SHADOWS_SCREEN LIGHTMAP_OFF DIRLIGHTMAP_OFF LUX_GAMMA SPECCUBE_ON LUX_AO_OFF DIFFCUBE_OFF LUX_LIGHTING_CT ok=1
Cmd: compileSnippet
  api=0 type=0 insize=223207 outsize=6702 kw=DIRECTIONAL SHADOWS_SCREEN LIGHTMAP_OFF DIRLIGHTMAP_OFF LUX_GAMMA DIFFCUBE_ON SPECCUBE_ON LUX_AO_OFF LUX_LIGHTING_CT ok=1
Cmd: compileSnippet
  api=0 type=1 insize=223207 outsize=6 kw=DIRECTIONAL SHADOWS_SCREEN LIGHTMAP_OFF DIRLIGHTMAP_OFF LUX_GAMMA DIFFCUBE_ON SPECCUBE_ON LUX_AO_OFF LUX_LIGHTING_CT ok=1
Cmd: compileSnippet
  api=0 type=0 insize=223207 outsize=4822 kw=DIRECTIONAL SHADOWS_SCREEN LIGHTMAP_OFF DIRLIGHTMAP_OFF LUX_GAMMA DIFFCUBE_ON LUX_AO_OFF SPECCUBE_OFF LUX_LIGHTING_CT ok=1
Cmd: compileSnippet
  api=0 type=1 insize=223207 outsize=6 kw=DIRECTIONAL SHADOWS_SCREEN LIGHTMAP_OFF DIRLIGHTMAP_OFF LUX_GAMMA DIFFCUBE_ON LUX_AO_OFF SPECCUBE_OFF LUX_LIGHTING_CT ok=1
Cmd: compileSnippet
  api=0 type=0 insize=232199 outsize=6943 kw=DIRECTIONAL SHADOWS_SCREEN LIGHTMAP_OFF DIRLIGHTMAP_OFF LUX_GAMMA DIFFCUBE_ON SPECCUBE_ON LUX_AO_OFF LUX_LIGHTING_CT ok=1
Cmd: compileSnippet
  api=0 type=1 insize=232199 outsize=6 kw=DIRECTIONAL SHADOWS_SCREEN LIGHTMAP_OFF DIRLIGHTMAP_OFF LUX_GAMMA DIFFCUBE_ON SPECCUBE_ON LUX_AO_OFF LUX_LIGHTING_CT ok=1
Cmd: compileSnippet
  api=0 type=0 insize=116216 outsize=6807 kw=DIRECTIONAL SHADOWS_SCREEN LIGHTMAP_OFF DIRLIGHTMAP_OFF LUX_GAMMA DIFFCUBE_ON SPECCUBE_ON LUX_LIGHTING_CT ok=1
Cmd: compileSnippet
  api=0 type=1 insize=116216 outsize=6 kw=DIRECTIONAL SHADOWS_SCREEN LIGHTMAP_OFF DIRLIGHTMAP_OFF LUX_GAMMA DIFFCUBE_ON SPECCUBE_ON LUX_LIGHTING_CT ok=1
Cmd: compileSnippet
  api=0 type=0 insize=232199 outsize=7148 kw=DIRECTIONAL SHADOWS_SCREEN LIGHTMAP_OFF DIRLIGHTMAP_OFF LUX_GAMMA DIFFCUBE_ON SPECCUBE_ON LUX_AO_ON LUX_LIGHTING_CT ok=1
Cmd: compileSnippet
  api=0 type=1 insize=232199 outsize=6 kw=DIRECTIONAL SHADOWS_SCREEN LIGHTMAP_OFF DIRLIGHTMAP_OFF LUX_GAMMA DIFFCUBE_ON SPECCUBE_ON LUX_AO_ON LUX_LIGHTING_CT ok=1
Cmd: compileSnippet
  api=0 type=0 insize=223207 outsize=6227 kw=DIRECTIONAL SHADOWS_OFF LIGHTMAP_OFF DIRLIGHTMAP_OFF LUX_GAMMA DIFFCUBE_ON SPECCUBE_ON LUX_AO_OFF LUX_LIGHTING_CT ok=1
Cmd: compileSnippet
  api=0 type=1 insize=223207 outsize=6 kw=DIRECTIONAL SHADOWS_OFF LIGHTMAP_OFF DIRLIGHTMAP_OFF LUX_GAMMA DIFFCUBE_ON SPECCUBE_ON LUX_AO_OFF LUX_LIGHTING_CT ok=1
Cmd: compileSnippet
  api=0 type=0 insize=232199 outsize=6673 kw=DIRECTIONAL SHADOWS_OFF LIGHTMAP_OFF DIRLIGHTMAP_OFF LUX_GAMMA DIFFCUBE_ON SPECCUBE_ON LUX_AO_ON LUX_LIGHTING_CT ok=1
Cmd: compileSnippet
  api=0 type=1 insize=232199 outsize=6 kw=DIRECTIONAL SHADOWS_OFF LIGHTMAP_OFF DIRLIGHTMAP_OFF LUX_GAMMA DIFFCUBE_ON SPECCUBE_ON LUX_AO_ON LUX_LIGHTING_CT ok=1
Cmd: compileSnippet
  api=0 type=0 insize=223207 outsize=4656 kw=DIRECTIONAL SHADOWS_OFF LIGHTMAP_ON DIRLIGHTMAP_OFF LUX_GAMMA SPECCUBE_ON LUX_AO_OFF DIFFCUBE_OFF LUX_LIGHTING_CT ok=1
Cmd: compileSnippet
  api=0 type=1 insize=223207 outsize=6 kw=DIRECTIONAL SHADOWS_OFF LIGHTMAP_ON DIRLIGHTMAP_OFF LUX_GAMMA SPECCUBE_ON LUX_AO_OFF DIFFCUBE_OFF LUX_LIGHTING_CT ok=1
Cmd: compileSnippet
  api=0 type=0 insize=223207 outsize=6660 kw=DIRECTIONAL SHADOWS_OFF LIGHTMAP_OFF DIRLIGHTMAP_OFF LUX_GAMMA SPECCUBE_ON LUX_AO_OFF DIFFCUBE_OFF LUX_LIGHTING_CT ok=1
Cmd: compileSnippet
  api=0 type=1 insize=223207 outsize=6 kw=DIRECTIONAL SHADOWS_OFF LIGHTMAP_OFF DIRLIGHTMAP_OFF LUX_GAMMA SPECCUBE_ON LUX_AO_OFF DIFFCUBE_OFF LUX_LIGHTING_CT ok=1
Cmd: compileSnippet
  api=0 type=0 insize=223207 outsize=6432 kw=DIRECTIONAL SHADOWS_OFF LIGHTMAP_OFF DIRLIGHTMAP_OFF LUX_GAMMA DIFFCUBE_ON SPECCUBE_ON LUX_AO_ON LUX_LIGHTING_CT ok=1
Cmd: compileSnippet
  api=0 type=1 insize=223207 outsize=6 kw=DIRECTIONAL SHADOWS_OFF LIGHTMAP_OFF DIRLIGHTMAP_OFF LUX_GAMMA DIFFCUBE_ON SPECCUBE_ON LUX_AO_ON LUX_LIGHTING_CT ok=1
Cmd: compileSnippet
  api=0 type=0 insize=223207 outsize=4351 kw=DIRECTIONAL SHADOWS_OFF LIGHTMAP_OFF DIRLIGHTMAP_OFF LUX_GAMMA DIFFCUBE_ON LUX_AO_OFF SPECCUBE_OFF LUX_LIGHTING_CT ok=1
Cmd: compileSnippet
  api=0 type=1 insize=223207 outsize=6 kw=DIRECTIONAL SHADOWS_OFF LIGHTMAP_OFF DIRLIGHTMAP_OFF LUX_GAMMA DIFFCUBE_ON LUX_AO_OFF SPECCUBE_OFF LUX_LIGHTING_CT ok=1
Cmd: compileSnippet
  api=0 type=0 insize=232199 outsize=6468 kw=DIRECTIONAL SHADOWS_OFF LIGHTMAP_OFF DIRLIGHTMAP_OFF LUX_GAMMA DIFFCUBE_ON SPECCUBE_ON LUX_AO_OFF LUX_LIGHTING_CT ok=1
Cmd: compileSnippet
  api=0 type=1 insize=232199 outsize=6 kw=DIRECTIONAL SHADOWS_OFF LIGHTMAP_OFF DIRLIGHTMAP_OFF LUX_GAMMA DIFFCUBE_ON SPECCUBE_ON LUX_AO_OFF LUX_LIGHTING_CT ok=1
Cmd: compileSnippet
  api=0 type=0 insize=116216 outsize=6332 kw=DIRECTIONAL SHADOWS_OFF LIGHTMAP_OFF DIRLIGHTMAP_OFF LUX_GAMMA DIFFCUBE_ON SPECCUBE_ON LUX_LIGHTING_CT ok=1
Cmd: compileSnippet
  api=0 type=1 insize=116216 outsize=6 kw=DIRECTIONAL SHADOWS_OFF LIGHTMAP_OFF DIRLIGHTMAP_OFF LUX_GAMMA DIFFCUBE_ON SPECCUBE_ON LUX_LIGHTING_CT ok=1
Cmd: compileSnippet
  api=0 type=0 insize=223207 outsize=6907 kw=DIRECTIONAL SHADOWS_SCREEN LIGHTMAP_OFF DIRLIGHTMAP_OFF LUX_GAMMA DIFFCUBE_ON SPECCUBE_ON LUX_AO_ON LUX_LIGHTING_CT ok=1
Cmd: compileSnippet
  api=0 type=1 insize=223207 outsize=6 kw=DIRECTIONAL SHADOWS_SCREEN LIGHTMAP_OFF DIRLIGHTMAP_OFF LUX_GAMMA DIFFCUBE_ON SPECCUBE_ON LUX_AO_ON LUX_LIGHTING_CT ok=1
Cmd: compileSnippet
  api=0 type=0 insize=136080 outsize=4052 kw=DIRECTIONAL LUX_GAMMA DIFFCUBE_ON SPECCUBE_ON LUX_AO_OFF LUX_LIGHTING_CT ok=1
Cmd: compileSnippet
  api=0 type=1 insize=136080 outsize=6 kw=DIRECTIONAL LUX_GAMMA DIFFCUBE_ON SPECCUBE_ON LUX_AO_OFF LUX_LIGHTING_CT ok=1
Cmd: compileSnippet
  api=0 type=0 insize=127088 outsize=3811 kw=DIRECTIONAL LUX_GAMMA DIFFCUBE_ON SPECCUBE_ON LUX_AO_OFF LUX_LIGHTING_CT ok=1
Cmd: compileSnippet
  api=0 type=1 insize=127088 outsize=6 kw=DIRECTIONAL LUX_GAMMA DIFFCUBE_ON SPECCUBE_ON LUX_AO_OFF LUX_LIGHTING_CT ok=1
Cmd: compileSnippet
  api=0 type=0 insize=69045 outsize=3901 kw=DIRECTIONAL LUX_GAMMA DIFFCUBE_ON SPECCUBE_ON LUX_LIGHTING_CT ok=1
Cmd: compileSnippet
  api=0 type=1 insize=69045 outsize=6 kw=DIRECTIONAL LUX_GAMMA DIFFCUBE_ON SPECCUBE_ON LUX_LIGHTING_CT ok=1
Cmd: compileSnippet
  api=0 type=0 insize=127088 outsize=3811 kw=DIRECTIONAL LUX_GAMMA DIFFCUBE_ON SPECCUBE_ON LUX_AO_ON LUX_LIGHTING_CT ok=1
Cmd: compileSnippet
  api=0 type=1 insize=127088 outsize=6 kw=DIRECTIONAL LUX_GAMMA DIFFCUBE_ON SPECCUBE_ON LUX_AO_ON LUX_LIGHTING_CT ok=1
Cmd: preprocess
  insize=3387 outsize=2049 ok=1
Cmd: compileSnippet
  api=0 type=0 insize=971 outsize=397 kw= ok=1
Cmd: compileSnippet
  api=0 type=1 insize=971 outsize=217 kw= ok=1
Cmd: compileSnippet
  api=0 type=0 insize=974 outsize=397 kw= ok=1
Cmd: compileSnippet
  api=0 type=1 insize=974 outsize=217 kw= ok=1
Cmd: preprocess
  insize=2482 outsize=2482 ok=1
Cmd: preprocess
  insize=894 outsize=1570 ok=1
Cmd: compileSnippet
  api=0 type=0 insize=5029 outsize=1058 kw=DIRECTIONAL SHADOWS_OFF LIGHTMAP_OFF DIRLIGHTMAP_OFF ok=1
Cmd: compileSnippet
  api=0 type=1 insize=5029 outsize=830 kw=DIRECTIONAL SHADOWS_OFF LIGHTMAP_OFF DIRLIGHTMAP_OFF ok=1
Cmd: compileSnippet
  api=0 type=0 insize=2576 outsize=857 kw=POINT ok=1
Cmd: compileSnippet
  api=0 type=1 insize=2576 outsize=1007 kw=POINT ok=1
Cmd: compileSnippet
  api=0 type=0 insize=2084 outsize=524 kw= ok=1
Cmd: compileSnippet
  api=0 type=1 insize=2084 outsize=291 kw= ok=1
Cmd: compileSnippet
  api=0 type=0 insize=4417 outsize=905 kw=LIGHTMAP_OFF DIRLIGHTMAP_OFF HDR_LIGHT_PREPASS_OFF ok=1
Cmd: compileSnippet
  api=0 type=1 insize=4417 outsize=509 kw=LIGHTMAP_OFF DIRLIGHTMAP_OFF HDR_LIGHT_PREPASS_OFF ok=1
Cmd: preprocess
  insize=1088 outsize=1195 ok=1
Cmd: compileSnippet
  api=0 type=0 insize=4956 outsize=1509 kw=DIRECTIONAL LIGHTMAP_OFF DIRLIGHTMAP_OFF ok=1
Cmd: compileSnippet
  api=0 type=1 insize=4956 outsize=952 kw=DIRECTIONAL LIGHTMAP_OFF DIRLIGHTMAP_OFF ok=1
Cmd: compileSnippet
  api=0 type=0 insize=2783 outsize=1385 kw=POINT ok=1
Cmd: compileSnippet
  api=0 type=1 insize=2783 outsize=1111 kw=POINT ok=1
Cmd: preprocess
  insize=965 outsize=1208 ok=1
Cmd: compileSnippet
  api=0 type=0 insize=5043 outsize=1507 kw=DIRECTIONAL LIGHTMAP_OFF DIRLIGHTMAP_OFF ok=1
Cmd: compileSnippet
  api=0 type=1 insize=5043 outsize=987 kw=DIRECTIONAL LIGHTMAP_OFF DIRLIGHTMAP_OFF ok=1
Cmd: compileSnippet
  api=0 type=0 insize=2648 outsize=1385 kw=POINT ok=1
Cmd: compileSnippet
  api=0 type=1 insize=2648 outsize=1116 kw=POINT ok=1
Cmd: preprocess
  insize=759 outsize=1087 ok=1
Cmd: compileSnippet
  api=0 type=0 insize=4543 outsize=1239 kw=DIRECTIONAL LIGHTMAP_OFF DIRLIGHTMAP_OFF ok=1
Cmd: compileSnippet
  api=0 type=1 insize=4543 outsize=588 kw=DIRECTIONAL LIGHTMAP_OFF DIRLIGHTMAP_OFF ok=1
Cmd: compileSnippet
  api=0 type=0 insize=2400 outsize=1117 kw=POINT ok=1
Cmd: compileSnippet
  api=0 type=1 insize=2400 outsize=744 kw=POINT ok=1
Cmd: preprocess
  insize=691 outsize=1452 ok=1
Cmd: compileSnippet
  api=0 type=0 insize=4377 outsize=919 kw=DIRECTIONAL SHADOWS_OFF LIGHTMAP_OFF DIRLIGHTMAP_OFF ok=1
Cmd: compileSnippet
  api=0 type=1 insize=4377 outsize=412 kw=DIRECTIONAL SHADOWS_OFF LIGHTMAP_OFF DIRLIGHTMAP_OFF ok=1
Cmd: compileSnippet
  api=0 type=0 insize=2340 outsize=817 kw=POINT ok=1
Cmd: compileSnippet
  api=0 type=1 insize=2340 outsize=584 kw=POINT ok=1
Cmd: compileSnippet
  api=0 type=0 insize=1999 outsize=524 kw= ok=1
Cmd: compileSnippet
  api=0 type=1 insize=1999 outsize=294 kw= ok=1
Cmd: compileSnippet
  api=0 type=0 insize=4077 outsize=905 kw=LIGHTMAP_OFF DIRLIGHTMAP_OFF HDR_LIGHT_PREPASS_OFF ok=1
Cmd: compileSnippet
  api=0 type=1 insize=4077 outsize=387 kw=LIGHTMAP_OFF DIRLIGHTMAP_OFF HDR_LIGHT_PREPASS_OFF ok=1
Cmd: preprocess
  insize=4215 outsize=3157 ok=1
Cmd: compileSnippet
  api=0 type=0 insize=830 outsize=488 kw=SHADOWS_DEPTH ok=1
Cmd: compileSnippet
  api=0 type=1 insize=830 outsize=262 kw=SHADOWS_DEPTH ok=1
Cmd: compileSnippet
  api=0 type=0 insize=872 outsize=1091 kw=SHADOWS_NONATIVE ok=1
Cmd: compileSnippet
  api=0 type=1 insize=872 outsize=930 kw=SHADOWS_NONATIVE ok=1
Cmd: preprocess
  insize=834 outsize=1498 ok=1
Cmd: compileSnippet
  api=0 type=0 insize=4610 outsize=1239 kw=DIRECTIONAL SHADOWS_OFF LIGHTMAP_OFF DIRLIGHTMAP_OFF ok=1
Cmd: compileSnippet
  api=0 type=1 insize=4610 outsize=621 kw=DIRECTIONAL SHADOWS_OFF LIGHTMAP_OFF DIRLIGHTMAP_OFF ok=1
Cmd: compileSnippet
  api=0 type=0 insize=2472 outsize=1117 kw=POINT ok=1
Cmd: compileSnippet
  api=0 type=1 insize=2472 outsize=779 kw=POINT ok=1
Cmd: compileSnippet
  api=0 type=0 insize=2580 outsize=995 kw= ok=1
Cmd: compileSnippet
  api=0 type=1 insize=2580 outsize=597 kw= ok=1
Cmd: compileSnippet
  api=0 type=0 insize=4282 outsize=976 kw=LIGHTMAP_OFF DIRLIGHTMAP_OFF HDR_LIGHT_PREPASS_OFF ok=1
Cmd: compileSnippet
  api=0 type=1 insize=4282 outsize=387 kw=LIGHTMAP_OFF DIRLIGHTMAP_OFF HDR_LIGHT_PREPASS_OFF ok=1
Cmd: preprocess
  insize=616 outsize=1042 ok=1
Cmd: compileSnippet
  api=0 type=0 insize=4310 outsize=919 kw=DIRECTIONAL LIGHTMAP_OFF DIRLIGHTMAP_OFF ok=1
Cmd: compileSnippet
  api=0 type=1 insize=4310 outsize=378 kw=DIRECTIONAL LIGHTMAP_OFF DIRLIGHTMAP_OFF ok=1
Cmd: compileSnippet
  api=0 type=0 insize=2268 outsize=817 kw=POINT ok=1
Cmd: compileSnippet
  api=0 type=1 insize=2268 outsize=549 kw=POINT ok=1
Cmd: preprocess
  insize=1072 outsize=1619 ok=1
Cmd: compileSnippet
  api=0 type=0 insize=5176 outsize=1507 kw=DIRECTIONAL SHADOWS_OFF LIGHTMAP_OFF DIRLIGHTMAP_OFF ok=1
Cmd: compileSnippet
  api=0 type=1 insize=5176 outsize=1053 kw=DIRECTIONAL SHADOWS_OFF LIGHTMAP_OFF DIRLIGHTMAP_OFF ok=1
Cmd: compileSnippet
  api=0 type=0 insize=2786 outsize=1385 kw=POINT ok=1
Cmd: compileSnippet
  api=0 type=1 insize=2786 outsize=1177 kw=POINT ok=1
Cmd: compileSnippet
  api=0 type=0 insize=2699 outsize=995 kw= ok=1
Cmd: compileSnippet
  api=0 type=1 insize=2699 outsize=596 kw= ok=1
Cmd: compileSnippet
  api=0 type=0 insize=4625 outsize=976 kw=LIGHTMAP_OFF DIRLIGHTMAP_OFF HDR_LIGHT_PREPASS_OFF ok=1
Cmd: compileSnippet
  api=0 type=1 insize=4625 outsize=509 kw=LIGHTMAP_OFF DIRLIGHTMAP_OFF HDR_LIGHT_PREPASS_OFF ok=1
Cmd: preprocess
  insize=820 outsize=1160 ok=1
Cmd: compileSnippet
  api=0 type=0 insize=4962 outsize=1058 kw=DIRECTIONAL LIGHTMAP_OFF DIRLIGHTMAP_OFF ok=1
Cmd: compileSnippet
  api=0 type=1 insize=4962 outsize=773 kw=DIRECTIONAL LIGHTMAP_OFF DIRLIGHTMAP_OFF ok=1
Cmd: compileSnippet
  api=0 type=0 insize=2504 outsize=857 kw=POINT ok=1
Cmd: compileSnippet
  api=0 type=1 insize=2504 outsize=941 kw=POINT ok=1
Cmd: preprocess
  insize=1326 outsize=1315 ok=1
Cmd: compileSnippet
  api=0 type=0 insize=5233 outsize=1509 kw=DIRECTIONAL LIGHTMAP_OFF DIRLIGHTMAP_OFF ok=1
Cmd: compileSnippet
  api=0 type=1 insize=5233 outsize=1290 kw=DIRECTIONAL LIGHTMAP_OFF DIRLIGHTMAP_OFF ok=1
Cmd: compileSnippet
  api=0 type=0 insize=2967 outsize=1385 kw=POINT ok=1
Cmd: compileSnippet
  api=0 type=1 insize=2967 outsize=1406 kw=POINT ok=1
Cmd: compileSnippet
  api=0 type=0 insize=127088 outsize=4148 kw=POINT LUX_GAMMA DIFFCUBE_ON SPECCUBE_ON LUX_AO_OFF LUX_LIGHTING_CT ok=1
Cmd: compileSnippet
  api=0 type=1 insize=127088 outsize=6 kw=POINT LUX_GAMMA DIFFCUBE_ON SPECCUBE_ON LUX_AO_OFF LUX_LIGHTING_CT ok=1
Cmd: compileSnippet
  api=0 type=0 insize=223207 outsize=5158 kw=DIRECTIONAL SHADOWS_OFF LIGHTMAP_ON DIRLIGHTMAP_OFF LUX_GAMMA DIFFCUBE_ON SPECCUBE_ON LUX_AO_OFF LUX_LIGHTING_CT ok=1
Cmd: compileSnippet
  api=0 type=1 insize=223207 outsize=6 kw=DIRECTIONAL SHADOWS_OFF LIGHTMAP_ON DIRLIGHTMAP_OFF LUX_GAMMA DIFFCUBE_ON SPECCUBE_ON LUX_AO_OFF LUX_LIGHTING_CT ok=1
